2020-09-16 14:43:56,281:INFO:PyCaret Classification Module
2020-09-16 14:43:56,281:INFO:version 2.1.2
2020-09-16 14:43:56,282:INFO:Initializing setup()
2020-09-16 14:43:56,282:INFO:USI: 3b86
2020-09-16 14:43:56,282:INFO:setup(data=(891, 12), target=Survived, train_size=0.7, sampling=True, sample_estimator=None, categorical_features=['Sex', 'Embarked'], categorical_imputation=constant, ordinal_features=None,
                    high_cardinality_features=None, high_cardinality_method=frequency, numeric_features=None, numeric_imputation=mean, date_features=None, ignore_features=['Cabin', 'Name', 'Ticket'], normalize=False,
                    normalize_method=zscore, transformation=False, transformation_method=yeo-johnson, handle_unknown_categorical=True, unknown_categorical_method=least_frequent, pca=False, pca_method=linear,
                    pca_components=None, ignore_low_variance=False, combine_rare_levels=False, rare_level_threshold=0.1, bin_numeric_features=None, remove_outliers=False, outliers_threshold=0.05,
                    remove_multicollinearity=False, multicollinearity_threshold=0.9, remove_perfect_collinearity=False, create_clusters=False, cluster_iter=20,
                    polynomial_features=False, polynomial_degree=2, trigonometry_features=False, polynomial_threshold=0.1, group_features=None,
                    group_names=None, feature_selection=False, feature_selection_threshold=0.8, feature_interaction=False, feature_ratio=False, interaction_threshold=0.01,
                    fix_imbalance=False, fix_imbalance_method=None, data_split_shuffle=True, folds_shuffle=False, n_jobs=-1, html=True, session_id=None, log_experiment=False,
                    experiment_name=None, log_plots=False, log_profile=False, log_data=False, silent=True, verbose=True, profile=False)
2020-09-16 14:43:56,283:INFO:Checking environment
2020-09-16 14:43:56,283:INFO:python_version: 3.6.12
2020-09-16 14:43:56,283:INFO:python_build: ('default', 'Sep  9 2020 00:29:25')
2020-09-16 14:43:56,283:INFO:machine: AMD64
2020-09-16 14:43:56,284:INFO:platform: Windows-10-10.0.18362-SP0
2020-09-16 14:43:56,308:INFO:Memory: svmem(total=17095249920, available=8069173248, percent=52.8, used=9026076672, free=8069173248)
2020-09-16 14:43:56,308:INFO:Physical Core: 6
2020-09-16 14:43:56,308:INFO:Logical Core: 12
2020-09-16 14:43:56,308:INFO:Checking libraries
2020-09-16 14:43:56,308:INFO:pd==1.1.1
2020-09-16 14:43:56,308:INFO:numpy==1.19.1
2020-09-16 14:43:56,347:INFO:sklearn==0.23.2
2020-09-16 14:43:56,389:INFO:xgboost==0.90
2020-09-16 14:43:56,402:INFO:lightgbm==3.0.0
2020-09-16 14:43:56,414:INFO:catboost==0.24.1
2020-09-16 14:43:56,888:INFO:mlflow==1.11.0
2020-09-16 14:43:56,888:INFO:Checking Exceptions
2020-09-16 14:43:56,888:INFO:Preloading libraries
2020-09-16 14:43:56,888:INFO:Preparing display monitor
2020-09-16 14:43:56,904:INFO:Importing libraries
2020-09-16 14:43:57,626:INFO:Declaring global variables
2020-09-16 14:43:57,626:INFO:Copying data for preprocessing
2020-09-16 14:43:57,633:INFO:Declaring preprocessing parameters
2020-09-16 14:43:57,633:INFO:Importing preprocessing module
2020-09-16 14:43:58,299:INFO:Creating preprocessing pipeline
2020-09-16 14:43:58,387:INFO:Preprocessing pipeline created successfully
2020-09-16 14:43:58,387:ERROR:(Process Exit): setup has been interupted with user command 'quit'. setup must rerun.
2020-09-16 14:43:58,387:INFO:Creating grid variables
2020-09-16 14:43:58,388:INFO:Creating global containers
2020-09-16 14:43:58,415:INFO:create_model_container 0
2020-09-16 14:43:58,416:INFO:master_model_container 0
2020-09-16 14:43:58,416:INFO:display_container 0
2020-09-16 14:43:58,421:INFO:Pipeline(memory=None,
         steps=[('dtypes',
                 DataTypes_Auto_infer(categorical_features=['Sex', 'Embarked'],
                                      display_types=False,
                                      features_todrop=['Cabin', 'Name',
                                                       'Ticket'],
                                      ml_usecase='classification',
                                      numerical_features=[], target='Survived',
                                      time_features=[])),
                ('imputer',
                 Simple_Imputer(categorical_strategy='not_available',
                                numeric_strategy='mean',
                                target_variable...
                ('group', Empty()), ('nonliner', Empty()), ('scaling', Empty()),
                ('P_transform', Empty()), ('pt_target', Empty()),
                ('binn', Empty()), ('rem_outliers', Empty()),
                ('cluster_all', Empty()), ('dummy', Dummify(target='Survived')),
                ('fix_perfect', Empty()), ('clean_names', Clean_Colum_Names()),
                ('feature_select', Empty()), ('fix_multi', Empty()),
                ('dfs', Empty()), ('pca', Empty())],
         verbose=False)
2020-09-16 14:43:58,421:INFO:setup() succesfully completed......................................
2020-09-16 14:44:53,179:INFO:Initializing compare_models()
2020-09-16 14:44:53,179:INFO:compare_models(exclude=None, include=None, fold=10, round=4, sort=Accuracy, n_select=1, turbo=True, verbose=True)
2020-09-16 14:44:53,179:INFO:Checking exceptions
2020-09-16 14:44:53,181:INFO:Preloading libraries
2020-09-16 14:44:53,181:INFO:Preparing display monitor
2020-09-16 14:44:53,205:INFO:Copying training dataset
2020-09-16 14:44:53,205:INFO:Importing libraries
2020-09-16 14:44:53,223:INFO:Importing untrained models
2020-09-16 14:44:53,224:INFO:Import successful
2020-09-16 14:44:53,229:INFO:Defining folds
2020-09-16 14:44:53,229:INFO:Declaring metric variables
2020-09-16 14:44:53,229:INFO:Initializing Logistic Regression
2020-09-16 14:44:53,236:INFO:Initializing Fold 1
2020-09-16 14:44:53,237:INFO:Total runtime is 0.00013227065404256184 minutes
2020-09-16 14:44:53,242:INFO:Fitting Model
2020-09-16 14:44:53,286:INFO:Evaluating Metrics
2020-09-16 14:44:53,296:INFO:Compiling Metrics
2020-09-16 14:44:53,303:INFO:Initializing Fold 2
2020-09-16 14:44:53,305:INFO:Total runtime is 0.0012482802073160806 minutes
2020-09-16 14:44:53,310:INFO:Fitting Model
2020-09-16 14:44:53,345:INFO:Evaluating Metrics
2020-09-16 14:44:53,353:INFO:Compiling Metrics
2020-09-16 14:44:53,360:INFO:Initializing Fold 3
2020-09-16 14:44:53,361:INFO:Total runtime is 0.002198930581410726 minutes
2020-09-16 14:44:53,368:INFO:Fitting Model
2020-09-16 14:44:53,411:INFO:Evaluating Metrics
2020-09-16 14:44:53,420:INFO:Compiling Metrics
2020-09-16 14:44:53,428:INFO:Initializing Fold 4
2020-09-16 14:44:53,429:INFO:Total runtime is 0.003323221206665039 minutes
2020-09-16 14:44:53,434:INFO:Fitting Model
2020-09-16 14:44:53,475:INFO:Evaluating Metrics
2020-09-16 14:44:53,489:INFO:Compiling Metrics
2020-09-16 14:44:53,499:INFO:Initializing Fold 5
2020-09-16 14:44:53,501:INFO:Total runtime is 0.004521870613098144 minutes
2020-09-16 14:44:53,512:INFO:Fitting Model
2020-09-16 14:44:53,565:INFO:Evaluating Metrics
2020-09-16 14:44:53,577:INFO:Compiling Metrics
2020-09-16 14:44:53,586:INFO:Initializing Fold 6
2020-09-16 14:44:53,587:INFO:Total runtime is 0.005960269769032796 minutes
2020-09-16 14:44:53,594:INFO:Fitting Model
2020-09-16 14:44:53,669:INFO:Evaluating Metrics
2020-09-16 14:44:53,683:INFO:Compiling Metrics
2020-09-16 14:44:53,695:INFO:Initializing Fold 7
2020-09-16 14:44:53,696:INFO:Total runtime is 0.00777066946029663 minutes
2020-09-16 14:44:53,702:INFO:Fitting Model
2020-09-16 14:44:53,754:INFO:Evaluating Metrics
2020-09-16 14:44:53,769:INFO:Compiling Metrics
2020-09-16 14:44:53,779:INFO:Initializing Fold 8
2020-09-16 14:44:53,780:INFO:Total runtime is 0.00917600393295288 minutes
2020-09-16 14:44:53,789:INFO:Fitting Model
2020-09-16 14:44:53,837:INFO:Evaluating Metrics
2020-09-16 14:44:53,844:INFO:Compiling Metrics
2020-09-16 14:44:53,854:INFO:Initializing Fold 9
2020-09-16 14:44:53,855:INFO:Total runtime is 0.010424264272054036 minutes
2020-09-16 14:44:53,863:INFO:Fitting Model
2020-09-16 14:44:53,903:INFO:Evaluating Metrics
2020-09-16 14:44:53,914:INFO:Compiling Metrics
2020-09-16 14:44:53,923:INFO:Initializing Fold 10
2020-09-16 14:44:53,924:INFO:Total runtime is 0.01158160368601481 minutes
2020-09-16 14:44:53,932:INFO:Fitting Model
2020-09-16 14:44:53,974:INFO:Evaluating Metrics
2020-09-16 14:44:53,985:INFO:Compiling Metrics
2020-09-16 14:44:53,992:INFO:Calculating mean and std
2020-09-16 14:44:53,992:INFO:Creating metrics dataframe
2020-09-16 14:44:54,002:INFO:Initializing K Neighbors Classifier
2020-09-16 14:44:54,009:INFO:Initializing Fold 1
2020-09-16 14:44:54,010:INFO:Total runtime is 0.013003460566202798 minutes
2020-09-16 14:44:54,015:INFO:Fitting Model
2020-09-16 14:44:54,023:INFO:Evaluating Metrics
2020-09-16 14:44:54,245:INFO:Compiling Metrics
2020-09-16 14:44:54,251:INFO:Initializing Fold 2
2020-09-16 14:44:54,252:INFO:Total runtime is 0.017037598292032878 minutes
2020-09-16 14:44:54,258:INFO:Fitting Model
2020-09-16 14:44:54,262:INFO:Evaluating Metrics
2020-09-16 14:44:54,482:INFO:Compiling Metrics
2020-09-16 14:44:54,488:INFO:Initializing Fold 3
2020-09-16 14:44:54,488:INFO:Total runtime is 0.020977405707041423 minutes
2020-09-16 14:44:54,493:INFO:Fitting Model
2020-09-16 14:44:54,496:INFO:Evaluating Metrics
2020-09-16 14:44:54,714:INFO:Compiling Metrics
2020-09-16 14:44:54,719:INFO:Initializing Fold 4
2020-09-16 14:44:54,720:INFO:Total runtime is 0.02483842372894287 minutes
2020-09-16 14:44:54,724:INFO:Fitting Model
2020-09-16 14:44:54,728:INFO:Evaluating Metrics
2020-09-16 14:44:54,946:INFO:Compiling Metrics
2020-09-16 14:44:54,951:INFO:Initializing Fold 5
2020-09-16 14:44:54,951:INFO:Total runtime is 0.028698782126108803 minutes
2020-09-16 14:44:54,957:INFO:Fitting Model
2020-09-16 14:44:54,961:INFO:Evaluating Metrics
2020-09-16 14:44:55,181:INFO:Compiling Metrics
2020-09-16 14:44:55,188:INFO:Initializing Fold 6
2020-09-16 14:44:55,188:INFO:Total runtime is 0.03264985084533691 minutes
2020-09-16 14:44:55,194:INFO:Fitting Model
2020-09-16 14:44:55,198:INFO:Evaluating Metrics
2020-09-16 14:44:55,419:INFO:Compiling Metrics
2020-09-16 14:44:55,424:INFO:Initializing Fold 7
2020-09-16 14:44:55,424:INFO:Total runtime is 0.036580554644266766 minutes
2020-09-16 14:44:55,429:INFO:Fitting Model
2020-09-16 14:44:55,432:INFO:Evaluating Metrics
2020-09-16 14:44:55,650:INFO:Compiling Metrics
2020-09-16 14:44:55,655:INFO:Initializing Fold 8
2020-09-16 14:44:55,655:INFO:Total runtime is 0.04043315649032593 minutes
2020-09-16 14:44:55,660:INFO:Fitting Model
2020-09-16 14:44:55,664:INFO:Evaluating Metrics
2020-09-16 14:44:55,882:INFO:Compiling Metrics
2020-09-16 14:44:55,887:INFO:Initializing Fold 9
2020-09-16 14:44:55,887:INFO:Total runtime is 0.04429405132929484 minutes
2020-09-16 14:44:55,892:INFO:Fitting Model
2020-09-16 14:44:55,895:INFO:Evaluating Metrics
2020-09-16 14:44:56,114:INFO:Compiling Metrics
2020-09-16 14:44:56,118:INFO:Initializing Fold 10
2020-09-16 14:44:56,119:INFO:Total runtime is 0.04815954367319743 minutes
2020-09-16 14:44:56,123:INFO:Fitting Model
2020-09-16 14:44:56,126:INFO:Evaluating Metrics
2020-09-16 14:44:56,344:INFO:Compiling Metrics
2020-09-16 14:44:56,349:INFO:Calculating mean and std
2020-09-16 14:44:56,349:INFO:Creating metrics dataframe
2020-09-16 14:44:56,359:INFO:Initializing Naive Bayes
2020-09-16 14:44:56,364:INFO:Initializing Fold 1
2020-09-16 14:44:56,365:INFO:Total runtime is 0.05225603183110555 minutes
2020-09-16 14:44:56,370:INFO:Fitting Model
2020-09-16 14:44:56,372:INFO:Evaluating Metrics
2020-09-16 14:44:56,379:INFO:Compiling Metrics
2020-09-16 14:44:56,384:INFO:Initializing Fold 2
2020-09-16 14:44:56,384:INFO:Total runtime is 0.052578874429066974 minutes
2020-09-16 14:44:56,389:INFO:Fitting Model
2020-09-16 14:44:56,391:INFO:Evaluating Metrics
2020-09-16 14:44:56,398:INFO:Compiling Metrics
2020-09-16 14:44:56,407:INFO:Initializing Fold 3
2020-09-16 14:44:56,407:INFO:Total runtime is 0.052966996033986406 minutes
2020-09-16 14:44:56,416:INFO:Fitting Model
2020-09-16 14:44:56,418:INFO:Evaluating Metrics
2020-09-16 14:44:56,426:INFO:Compiling Metrics
2020-09-16 14:44:56,433:INFO:Initializing Fold 4
2020-09-16 14:44:56,433:INFO:Total runtime is 0.05339686075846354 minutes
2020-09-16 14:44:56,438:INFO:Fitting Model
2020-09-16 14:44:56,440:INFO:Evaluating Metrics
2020-09-16 14:44:56,447:INFO:Compiling Metrics
2020-09-16 14:44:56,453:INFO:Initializing Fold 5
2020-09-16 14:44:56,453:INFO:Total runtime is 0.05372749964396158 minutes
2020-09-16 14:44:56,460:INFO:Fitting Model
2020-09-16 14:44:56,462:INFO:Evaluating Metrics
2020-09-16 14:44:56,469:INFO:Compiling Metrics
2020-09-16 14:44:56,474:INFO:Initializing Fold 6
2020-09-16 14:44:56,475:INFO:Total runtime is 0.05409126281738281 minutes
2020-09-16 14:44:56,480:INFO:Fitting Model
2020-09-16 14:44:56,482:INFO:Evaluating Metrics
2020-09-16 14:44:56,490:INFO:Compiling Metrics
2020-09-16 14:44:56,496:INFO:Initializing Fold 7
2020-09-16 14:44:56,496:INFO:Total runtime is 0.054446721076965326 minutes
2020-09-16 14:44:56,502:INFO:Fitting Model
2020-09-16 14:44:56,505:INFO:Evaluating Metrics
2020-09-16 14:44:56,513:INFO:Compiling Metrics
2020-09-16 14:44:56,520:INFO:Initializing Fold 8
2020-09-16 14:44:56,521:INFO:Total runtime is 0.054851766427357986 minutes
2020-09-16 14:44:56,525:INFO:Fitting Model
2020-09-16 14:44:56,528:INFO:Evaluating Metrics
2020-09-16 14:44:56,534:INFO:Compiling Metrics
2020-09-16 14:44:56,540:INFO:Initializing Fold 9
2020-09-16 14:44:56,541:INFO:Total runtime is 0.05519073804219563 minutes
2020-09-16 14:44:56,547:INFO:Fitting Model
2020-09-16 14:44:56,550:INFO:Evaluating Metrics
2020-09-16 14:44:56,558:INFO:Compiling Metrics
2020-09-16 14:44:56,564:INFO:Initializing Fold 10
2020-09-16 14:44:56,565:INFO:Total runtime is 0.055587490399678544 minutes
2020-09-16 14:44:56,570:INFO:Fitting Model
2020-09-16 14:44:56,572:INFO:Evaluating Metrics
2020-09-16 14:44:56,580:INFO:Compiling Metrics
2020-09-16 14:44:56,587:INFO:Calculating mean and std
2020-09-16 14:44:56,587:INFO:Creating metrics dataframe
2020-09-16 14:44:56,599:INFO:Initializing Decision Tree Classifier
2020-09-16 14:44:56,608:INFO:Initializing Fold 1
2020-09-16 14:44:56,609:INFO:Total runtime is 0.05633148352305094 minutes
2020-09-16 14:44:56,615:INFO:Fitting Model
2020-09-16 14:44:56,619:INFO:Evaluating Metrics
2020-09-16 14:44:56,626:INFO:Compiling Metrics
2020-09-16 14:44:56,631:INFO:Initializing Fold 2
2020-09-16 14:44:56,632:INFO:Total runtime is 0.056703503926595046 minutes
2020-09-16 14:44:56,637:INFO:Fitting Model
2020-09-16 14:44:56,640:INFO:Evaluating Metrics
2020-09-16 14:44:56,649:INFO:Compiling Metrics
2020-09-16 14:44:56,655:INFO:Initializing Fold 3
2020-09-16 14:44:56,655:INFO:Total runtime is 0.05710027615229288 minutes
2020-09-16 14:44:56,660:INFO:Fitting Model
2020-09-16 14:44:56,664:INFO:Evaluating Metrics
2020-09-16 14:44:56,673:INFO:Compiling Metrics
2020-09-16 14:44:56,680:INFO:Initializing Fold 4
2020-09-16 14:44:56,680:INFO:Total runtime is 0.05751361846923827 minutes
2020-09-16 14:44:56,685:INFO:Fitting Model
2020-09-16 14:44:56,688:INFO:Evaluating Metrics
2020-09-16 14:44:56,696:INFO:Compiling Metrics
2020-09-16 14:44:56,703:INFO:Initializing Fold 5
2020-09-16 14:44:56,704:INFO:Total runtime is 0.057902153333028145 minutes
2020-09-16 14:44:56,709:INFO:Fitting Model
2020-09-16 14:44:56,712:INFO:Evaluating Metrics
2020-09-16 14:44:56,719:INFO:Compiling Metrics
2020-09-16 14:44:56,726:INFO:Initializing Fold 6
2020-09-16 14:44:56,727:INFO:Total runtime is 0.058290684223175036 minutes
2020-09-16 14:44:56,732:INFO:Fitting Model
2020-09-16 14:44:56,736:INFO:Evaluating Metrics
2020-09-16 14:44:56,745:INFO:Compiling Metrics
2020-09-16 14:44:56,751:INFO:Initializing Fold 7
2020-09-16 14:44:56,752:INFO:Total runtime is 0.05870401859283446 minutes
2020-09-16 14:44:56,757:INFO:Fitting Model
2020-09-16 14:44:56,761:INFO:Evaluating Metrics
2020-09-16 14:44:56,768:INFO:Compiling Metrics
2020-09-16 14:44:56,774:INFO:Initializing Fold 8
2020-09-16 14:44:56,775:INFO:Total runtime is 0.05910082260767618 minutes
2020-09-16 14:44:56,781:INFO:Fitting Model
2020-09-16 14:44:56,784:INFO:Evaluating Metrics
2020-09-16 14:44:56,791:INFO:Compiling Metrics
2020-09-16 14:44:56,796:INFO:Initializing Fold 9
2020-09-16 14:44:56,797:INFO:Total runtime is 0.059456292788187655 minutes
2020-09-16 14:44:56,802:INFO:Fitting Model
2020-09-16 14:44:56,806:INFO:Evaluating Metrics
2020-09-16 14:44:56,812:INFO:Compiling Metrics
2020-09-16 14:44:56,818:INFO:Initializing Fold 10
2020-09-16 14:44:56,819:INFO:Total runtime is 0.0598117709159851 minutes
2020-09-16 14:44:56,823:INFO:Fitting Model
2020-09-16 14:44:56,827:INFO:Evaluating Metrics
2020-09-16 14:44:56,836:INFO:Compiling Metrics
2020-09-16 14:44:56,841:INFO:Calculating mean and std
2020-09-16 14:44:56,841:INFO:Creating metrics dataframe
2020-09-16 14:44:56,852:INFO:Initializing SVM - Linear Kernel
2020-09-16 14:44:56,858:INFO:Initializing Fold 1
2020-09-16 14:44:56,859:INFO:Total runtime is 0.06048134565353393 minutes
2020-09-16 14:44:56,866:INFO:Fitting Model
2020-09-16 14:44:56,870:INFO:Evaluating Metrics
2020-09-16 14:44:56,870:WARNING:model has no predict_proba attribute. pred_prob set to 0.00
2020-09-16 14:44:56,872:WARNING:model has no predict_proba attribute. AUC set to 0.00
2020-09-16 14:44:56,875:INFO:Compiling Metrics
2020-09-16 14:44:56,881:INFO:Initializing Fold 2
2020-09-16 14:44:56,881:INFO:Total runtime is 0.0608616550763448 minutes
2020-09-16 14:44:56,888:INFO:Fitting Model
2020-09-16 14:44:56,893:INFO:Evaluating Metrics
2020-09-16 14:44:56,894:WARNING:model has no predict_proba attribute. pred_prob set to 0.00
2020-09-16 14:44:56,897:WARNING:model has no predict_proba attribute. AUC set to 0.00
2020-09-16 14:44:56,900:INFO:Compiling Metrics
2020-09-16 14:44:56,906:INFO:Initializing Fold 3
2020-09-16 14:44:56,907:INFO:Total runtime is 0.06129974921544392 minutes
2020-09-16 14:44:56,912:INFO:Fitting Model
2020-09-16 14:44:56,915:INFO:Evaluating Metrics
2020-09-16 14:44:56,915:WARNING:model has no predict_proba attribute. pred_prob set to 0.00
2020-09-16 14:44:56,918:WARNING:model has no predict_proba attribute. AUC set to 0.00
2020-09-16 14:44:56,920:INFO:Compiling Metrics
2020-09-16 14:44:56,927:INFO:Initializing Fold 4
2020-09-16 14:44:56,927:INFO:Total runtime is 0.061630419890085844 minutes
2020-09-16 14:44:56,932:INFO:Fitting Model
2020-09-16 14:44:56,935:INFO:Evaluating Metrics
2020-09-16 14:44:56,936:WARNING:model has no predict_proba attribute. pred_prob set to 0.00
2020-09-16 14:44:56,938:WARNING:model has no predict_proba attribute. AUC set to 0.00
2020-09-16 14:44:56,940:INFO:Compiling Metrics
2020-09-16 14:44:56,946:INFO:Initializing Fold 5
2020-09-16 14:44:56,946:INFO:Total runtime is 0.061944552262624096 minutes
2020-09-16 14:44:56,951:INFO:Fitting Model
2020-09-16 14:44:56,955:INFO:Evaluating Metrics
2020-09-16 14:44:56,955:WARNING:model has no predict_proba attribute. pred_prob set to 0.00
2020-09-16 14:44:56,957:WARNING:model has no predict_proba attribute. AUC set to 0.00
2020-09-16 14:44:56,959:INFO:Compiling Metrics
2020-09-16 14:44:56,964:INFO:Initializing Fold 6
2020-09-16 14:44:56,964:INFO:Total runtime is 0.06225041945775349 minutes
2020-09-16 14:44:56,969:INFO:Fitting Model
2020-09-16 14:44:56,973:INFO:Evaluating Metrics
2020-09-16 14:44:56,973:WARNING:model has no predict_proba attribute. pred_prob set to 0.00
2020-09-16 14:44:56,975:WARNING:model has no predict_proba attribute. AUC set to 0.00
2020-09-16 14:44:56,978:INFO:Compiling Metrics
2020-09-16 14:44:56,984:INFO:Initializing Fold 7
2020-09-16 14:44:56,985:INFO:Total runtime is 0.06258935133616128 minutes
2020-09-16 14:44:56,989:INFO:Fitting Model
2020-09-16 14:44:56,992:INFO:Evaluating Metrics
2020-09-16 14:44:56,993:WARNING:model has no predict_proba attribute. pred_prob set to 0.00
2020-09-16 14:44:56,995:WARNING:model has no predict_proba attribute. AUC set to 0.00
2020-09-16 14:44:56,997:INFO:Compiling Metrics
2020-09-16 14:44:57,002:INFO:Initializing Fold 8
2020-09-16 14:44:57,003:INFO:Total runtime is 0.06288989782333372 minutes
2020-09-16 14:44:57,007:INFO:Fitting Model
2020-09-16 14:44:57,011:INFO:Evaluating Metrics
2020-09-16 14:44:57,011:WARNING:model has no predict_proba attribute. pred_prob set to 0.00
2020-09-16 14:44:57,014:WARNING:model has no predict_proba attribute. AUC set to 0.00
2020-09-16 14:44:57,016:INFO:Compiling Metrics
2020-09-16 14:44:57,021:INFO:Initializing Fold 9
2020-09-16 14:44:57,022:INFO:Total runtime is 0.06320935487747191 minutes
2020-09-16 14:44:57,026:INFO:Fitting Model
2020-09-16 14:44:57,030:INFO:Evaluating Metrics
2020-09-16 14:44:57,030:WARNING:model has no predict_proba attribute. pred_prob set to 0.00
2020-09-16 14:44:57,032:WARNING:model has no predict_proba attribute. AUC set to 0.00
2020-09-16 14:44:57,034:INFO:Compiling Metrics
2020-09-16 14:44:57,039:INFO:Initializing Fold 10
2020-09-16 14:44:57,040:INFO:Total runtime is 0.06350694894790648 minutes
2020-09-16 14:44:57,044:INFO:Fitting Model
2020-09-16 14:44:57,048:INFO:Evaluating Metrics
2020-09-16 14:44:57,048:WARNING:model has no predict_proba attribute. pred_prob set to 0.00
2020-09-16 14:44:57,052:WARNING:model has no predict_proba attribute. AUC set to 0.00
2020-09-16 14:44:57,054:INFO:Compiling Metrics
2020-09-16 14:44:57,059:INFO:Calculating mean and std
2020-09-16 14:44:57,060:INFO:Creating metrics dataframe
2020-09-16 14:44:57,071:INFO:Initializing Ridge Classifier
2020-09-16 14:44:57,077:INFO:Initializing Fold 1
2020-09-16 14:44:57,077:INFO:Total runtime is 0.06412746906280517 minutes
2020-09-16 14:44:57,082:INFO:Fitting Model
2020-09-16 14:44:57,086:INFO:Evaluating Metrics
2020-09-16 14:44:57,086:WARNING:model has no predict_proba attribute. pred_prob set to 0.00
2020-09-16 14:44:57,089:WARNING:model has no predict_proba attribute. AUC set to 0.00
2020-09-16 14:44:57,093:INFO:Compiling Metrics
2020-09-16 14:44:57,100:INFO:Initializing Fold 2
2020-09-16 14:44:57,101:INFO:Total runtime is 0.06452377239863077 minutes
2020-09-16 14:44:57,107:INFO:Fitting Model
2020-09-16 14:44:57,111:INFO:Evaluating Metrics
2020-09-16 14:44:57,111:WARNING:model has no predict_proba attribute. pred_prob set to 0.00
2020-09-16 14:44:57,115:WARNING:model has no predict_proba attribute. AUC set to 0.00
2020-09-16 14:44:57,119:INFO:Compiling Metrics
2020-09-16 14:44:57,127:INFO:Initializing Fold 3
2020-09-16 14:44:57,127:INFO:Total runtime is 0.06496187448501586 minutes
2020-09-16 14:44:57,134:INFO:Fitting Model
2020-09-16 14:44:57,138:INFO:Evaluating Metrics
2020-09-16 14:44:57,138:WARNING:model has no predict_proba attribute. pred_prob set to 0.00
2020-09-16 14:44:57,142:WARNING:model has no predict_proba attribute. AUC set to 0.00
2020-09-16 14:44:57,145:INFO:Compiling Metrics
2020-09-16 14:44:57,150:INFO:Initializing Fold 4
2020-09-16 14:44:57,150:INFO:Total runtime is 0.06535041332244873 minutes
2020-09-16 14:44:57,157:INFO:Fitting Model
2020-09-16 14:44:57,161:INFO:Evaluating Metrics
2020-09-16 14:44:57,161:WARNING:model has no predict_proba attribute. pred_prob set to 0.00
2020-09-16 14:44:57,164:WARNING:model has no predict_proba attribute. AUC set to 0.00
2020-09-16 14:44:57,167:INFO:Compiling Metrics
2020-09-16 14:44:57,175:INFO:Initializing Fold 5
2020-09-16 14:44:57,175:INFO:Total runtime is 0.06576374769210816 minutes
2020-09-16 14:44:57,181:INFO:Fitting Model
2020-09-16 14:44:57,186:INFO:Evaluating Metrics
2020-09-16 14:44:57,187:WARNING:model has no predict_proba attribute. pred_prob set to 0.00
2020-09-16 14:44:57,191:WARNING:model has no predict_proba attribute. AUC set to 0.00
2020-09-16 14:44:57,194:INFO:Compiling Metrics
2020-09-16 14:44:57,203:INFO:Initializing Fold 6
2020-09-16 14:44:57,204:INFO:Total runtime is 0.06623493830362956 minutes
2020-09-16 14:44:57,210:INFO:Fitting Model
2020-09-16 14:44:57,214:INFO:Evaluating Metrics
2020-09-16 14:44:57,214:WARNING:model has no predict_proba attribute. pred_prob set to 0.00
2020-09-16 14:44:57,218:WARNING:model has no predict_proba attribute. AUC set to 0.00
2020-09-16 14:44:57,221:INFO:Compiling Metrics
2020-09-16 14:44:57,228:INFO:Initializing Fold 7
2020-09-16 14:44:57,229:INFO:Total runtime is 0.066648268699646 minutes
2020-09-16 14:44:57,234:INFO:Fitting Model
2020-09-16 14:44:57,238:INFO:Evaluating Metrics
2020-09-16 14:44:57,238:WARNING:model has no predict_proba attribute. pred_prob set to 0.00
2020-09-16 14:44:57,241:WARNING:model has no predict_proba attribute. AUC set to 0.00
2020-09-16 14:44:57,244:INFO:Compiling Metrics
2020-09-16 14:44:57,250:INFO:Initializing Fold 8
2020-09-16 14:44:57,251:INFO:Total runtime is 0.0670202891031901 minutes
2020-09-16 14:44:57,255:INFO:Fitting Model
2020-09-16 14:44:57,259:INFO:Evaluating Metrics
2020-09-16 14:44:57,259:WARNING:model has no predict_proba attribute. pred_prob set to 0.00
2020-09-16 14:44:57,264:WARNING:model has no predict_proba attribute. AUC set to 0.00
2020-09-16 14:44:57,267:INFO:Compiling Metrics
2020-09-16 14:44:57,274:INFO:Initializing Fold 9
2020-09-16 14:44:57,275:INFO:Total runtime is 0.06742535034815471 minutes
2020-09-16 14:44:57,282:INFO:Fitting Model
2020-09-16 14:44:57,286:INFO:Evaluating Metrics
2020-09-16 14:44:57,286:WARNING:model has no predict_proba attribute. pred_prob set to 0.00
2020-09-16 14:44:57,288:WARNING:model has no predict_proba attribute. AUC set to 0.00
2020-09-16 14:44:57,291:INFO:Compiling Metrics
2020-09-16 14:44:57,298:INFO:Initializing Fold 10
2020-09-16 14:44:57,298:INFO:Total runtime is 0.06781388521194459 minutes
2020-09-16 14:44:57,305:INFO:Fitting Model
2020-09-16 14:44:57,309:INFO:Evaluating Metrics
2020-09-16 14:44:57,309:WARNING:model has no predict_proba attribute. pred_prob set to 0.00
2020-09-16 14:44:57,313:WARNING:model has no predict_proba attribute. AUC set to 0.00
2020-09-16 14:44:57,317:INFO:Compiling Metrics
2020-09-16 14:44:57,324:INFO:Calculating mean and std
2020-09-16 14:44:57,325:INFO:Creating metrics dataframe
2020-09-16 14:44:57,337:INFO:Initializing Random Forest Classifier
2020-09-16 14:44:57,343:INFO:Initializing Fold 1
2020-09-16 14:44:57,343:INFO:Total runtime is 0.06856615146001181 minutes
2020-09-16 14:44:57,349:INFO:Fitting Model
2020-09-16 14:44:57,464:INFO:Evaluating Metrics
2020-09-16 14:44:57,681:INFO:Compiling Metrics
2020-09-16 14:44:57,686:INFO:Initializing Fold 2
2020-09-16 14:44:57,686:INFO:Total runtime is 0.0742784102757772 minutes
2020-09-16 14:44:57,691:INFO:Fitting Model
2020-09-16 14:44:57,800:INFO:Evaluating Metrics
2020-09-16 14:44:58,018:INFO:Compiling Metrics
2020-09-16 14:44:58,025:INFO:Initializing Fold 3
2020-09-16 14:44:58,025:INFO:Total runtime is 0.07992723782857261 minutes
2020-09-16 14:44:58,030:INFO:Fitting Model
2020-09-16 14:44:58,142:INFO:Evaluating Metrics
2020-09-16 14:44:58,360:INFO:Compiling Metrics
2020-09-16 14:44:58,365:INFO:Initializing Fold 4
2020-09-16 14:44:58,366:INFO:Total runtime is 0.08561470508575442 minutes
2020-09-16 14:44:58,372:INFO:Fitting Model
2020-09-16 14:44:58,483:INFO:Evaluating Metrics
2020-09-16 14:44:58,699:INFO:Compiling Metrics
2020-09-16 14:44:58,704:INFO:Initializing Fold 5
2020-09-16 14:44:58,705:INFO:Total runtime is 0.09125256538391116 minutes
2020-09-16 14:44:58,710:INFO:Fitting Model
2020-09-16 14:44:58,820:INFO:Evaluating Metrics
2020-09-16 14:44:59,035:INFO:Compiling Metrics
2020-09-16 14:44:59,040:INFO:Initializing Fold 6
2020-09-16 14:44:59,041:INFO:Total runtime is 0.09685840209325157 minutes
2020-09-16 14:44:59,045:INFO:Fitting Model
2020-09-16 14:44:59,157:INFO:Evaluating Metrics
2020-09-16 14:44:59,372:INFO:Compiling Metrics
2020-09-16 14:44:59,377:INFO:Initializing Fold 7
2020-09-16 14:44:59,378:INFO:Total runtime is 0.10247464179992678 minutes
2020-09-16 14:44:59,382:INFO:Fitting Model
2020-09-16 14:44:59,495:INFO:Evaluating Metrics
2020-09-16 14:44:59,711:INFO:Compiling Metrics
2020-09-16 14:44:59,716:INFO:Initializing Fold 8
2020-09-16 14:44:59,717:INFO:Total runtime is 0.10812087853749595 minutes
2020-09-16 14:44:59,721:INFO:Fitting Model
2020-09-16 14:44:59,832:INFO:Evaluating Metrics
2020-09-16 14:45:00,048:INFO:Compiling Metrics
2020-09-16 14:45:00,052:INFO:Initializing Fold 9
2020-09-16 14:45:00,053:INFO:Total runtime is 0.11372299591700238 minutes
2020-09-16 14:45:00,058:INFO:Fitting Model
2020-09-16 14:45:00,168:INFO:Evaluating Metrics
2020-09-16 14:45:00,384:INFO:Compiling Metrics
2020-09-16 14:45:00,390:INFO:Initializing Fold 10
2020-09-16 14:45:00,390:INFO:Total runtime is 0.11934396823247276 minutes
2020-09-16 14:45:00,396:INFO:Fitting Model
2020-09-16 14:45:00,505:INFO:Evaluating Metrics
2020-09-16 14:45:00,721:INFO:Compiling Metrics
2020-09-16 14:45:00,725:INFO:Calculating mean and std
2020-09-16 14:45:00,726:INFO:Creating metrics dataframe
2020-09-16 14:45:00,736:INFO:Initializing Quadratic Discriminant Analysis
2020-09-16 14:45:00,742:INFO:Initializing Fold 1
2020-09-16 14:45:00,742:INFO:Total runtime is 0.12521601915359498 minutes
2020-09-16 14:45:00,747:INFO:Fitting Model
2020-09-16 14:45:00,750:INFO:Evaluating Metrics
2020-09-16 14:45:00,755:WARNING:model has no predict_proba attribute. AUC set to 0.00
2020-09-16 14:45:00,758:INFO:Compiling Metrics
2020-09-16 14:45:00,764:INFO:Initializing Fold 2
2020-09-16 14:45:00,764:INFO:Total runtime is 0.12557973861694338 minutes
2020-09-16 14:45:00,771:INFO:Fitting Model
2020-09-16 14:45:00,775:INFO:Evaluating Metrics
2020-09-16 14:45:00,782:WARNING:model has no predict_proba attribute. AUC set to 0.00
2020-09-16 14:45:00,786:INFO:Compiling Metrics
2020-09-16 14:45:00,793:INFO:Initializing Fold 3
2020-09-16 14:45:00,794:INFO:Total runtime is 0.12607576449712118 minutes
2020-09-16 14:45:00,801:INFO:Fitting Model
2020-09-16 14:45:00,803:INFO:Evaluating Metrics
2020-09-16 14:45:00,808:WARNING:model has no predict_proba attribute. AUC set to 0.00
2020-09-16 14:45:00,810:INFO:Compiling Metrics
2020-09-16 14:45:00,816:INFO:Initializing Fold 4
2020-09-16 14:45:00,817:INFO:Total runtime is 0.12645601828893027 minutes
2020-09-16 14:45:00,824:INFO:Fitting Model
2020-09-16 14:45:00,830:INFO:Evaluating Metrics
2020-09-16 14:45:00,836:WARNING:model has no predict_proba attribute. AUC set to 0.00
2020-09-16 14:45:00,840:INFO:Compiling Metrics
2020-09-16 14:45:00,848:INFO:Initializing Fold 5
2020-09-16 14:45:00,849:INFO:Total runtime is 0.12699334621429445 minutes
2020-09-16 14:45:00,855:INFO:Fitting Model
2020-09-16 14:45:00,857:INFO:Evaluating Metrics
2020-09-16 14:45:00,864:WARNING:model has no predict_proba attribute. AUC set to 0.00
2020-09-16 14:45:00,867:INFO:Compiling Metrics
2020-09-16 14:45:00,876:INFO:Initializing Fold 6
2020-09-16 14:45:00,877:INFO:Total runtime is 0.12745627959569297 minutes
2020-09-16 14:45:00,883:INFO:Fitting Model
2020-09-16 14:45:00,885:INFO:Evaluating Metrics
2020-09-16 14:45:00,891:WARNING:model has no predict_proba attribute. AUC set to 0.00
2020-09-16 14:45:00,895:INFO:Compiling Metrics
2020-09-16 14:45:00,903:INFO:Initializing Fold 7
2020-09-16 14:45:00,904:INFO:Total runtime is 0.12791093985239665 minutes
2020-09-16 14:45:00,911:INFO:Fitting Model
2020-09-16 14:45:00,913:INFO:Evaluating Metrics
2020-09-16 14:45:00,920:WARNING:model has no predict_proba attribute. AUC set to 0.00
2020-09-16 14:45:00,923:INFO:Compiling Metrics
2020-09-16 14:45:00,933:INFO:Initializing Fold 8
2020-09-16 14:45:00,934:INFO:Total runtime is 0.12840692996978761 minutes
2020-09-16 14:45:00,941:INFO:Fitting Model
2020-09-16 14:45:00,945:INFO:Evaluating Metrics
2020-09-16 14:45:00,949:WARNING:model has no predict_proba attribute. AUC set to 0.00
2020-09-16 14:45:00,953:INFO:Compiling Metrics
2020-09-16 14:45:00,962:INFO:Initializing Fold 9
2020-09-16 14:45:00,963:INFO:Total runtime is 0.12888641754786176 minutes
2020-09-16 14:45:00,969:INFO:Fitting Model
2020-09-16 14:45:00,973:INFO:Evaluating Metrics
2020-09-16 14:45:00,980:WARNING:model has no predict_proba attribute. AUC set to 0.00
2020-09-16 14:45:00,983:INFO:Compiling Metrics
2020-09-16 14:45:00,990:INFO:Initializing Fold 10
2020-09-16 14:45:00,991:INFO:Total runtime is 0.12935761610666913 minutes
2020-09-16 14:45:00,996:INFO:Fitting Model
2020-09-16 14:45:01,015:INFO:Evaluating Metrics
2020-09-16 14:45:01,022:WARNING:model has no predict_proba attribute. AUC set to 0.00
2020-09-16 14:45:01,025:INFO:Compiling Metrics
2020-09-16 14:45:01,033:INFO:Calculating mean and std
2020-09-16 14:45:01,034:INFO:Creating metrics dataframe
2020-09-16 14:45:01,049:INFO:Initializing Ada Boost Classifier
2020-09-16 14:45:01,058:INFO:Initializing Fold 1
2020-09-16 14:45:01,060:INFO:Total runtime is 0.13049839337666833 minutes
2020-09-16 14:45:01,065:INFO:Fitting Model
2020-09-16 14:45:01,199:INFO:Evaluating Metrics
2020-09-16 14:45:01,238:INFO:Compiling Metrics
2020-09-16 14:45:01,245:INFO:Initializing Fold 2
2020-09-16 14:45:01,246:INFO:Total runtime is 0.13360666831334436 minutes
2020-09-16 14:45:01,251:INFO:Fitting Model
2020-09-16 14:45:01,336:INFO:Evaluating Metrics
2020-09-16 14:45:01,355:INFO:Compiling Metrics
2020-09-16 14:45:01,360:INFO:Initializing Fold 3
2020-09-16 14:45:01,360:INFO:Total runtime is 0.13551627000172936 minutes
2020-09-16 14:45:01,365:INFO:Fitting Model
2020-09-16 14:45:01,449:INFO:Evaluating Metrics
2020-09-16 14:45:01,471:INFO:Compiling Metrics
2020-09-16 14:45:01,476:INFO:Initializing Fold 4
2020-09-16 14:45:01,477:INFO:Total runtime is 0.1374589522679647 minutes
2020-09-16 14:45:01,482:INFO:Fitting Model
2020-09-16 14:45:01,552:INFO:Evaluating Metrics
2020-09-16 14:45:01,571:INFO:Compiling Metrics
2020-09-16 14:45:01,576:INFO:Initializing Fold 5
2020-09-16 14:45:01,577:INFO:Total runtime is 0.13912053505579633 minutes
2020-09-16 14:45:01,581:INFO:Fitting Model
2020-09-16 14:45:01,651:INFO:Evaluating Metrics
2020-09-16 14:45:01,671:INFO:Compiling Metrics
2020-09-16 14:45:01,677:INFO:Initializing Fold 6
2020-09-16 14:45:01,678:INFO:Total runtime is 0.14080692529678346 minutes
2020-09-16 14:45:01,682:INFO:Fitting Model
2020-09-16 14:45:01,755:INFO:Evaluating Metrics
2020-09-16 14:45:01,777:INFO:Compiling Metrics
2020-09-16 14:45:01,783:INFO:Initializing Fold 7
2020-09-16 14:45:01,784:INFO:Total runtime is 0.14257600307464602 minutes
2020-09-16 14:45:01,788:INFO:Fitting Model
2020-09-16 14:45:01,863:INFO:Evaluating Metrics
2020-09-16 14:45:01,883:INFO:Compiling Metrics
2020-09-16 14:45:01,888:INFO:Initializing Fold 8
2020-09-16 14:45:01,889:INFO:Total runtime is 0.1443202575047811 minutes
2020-09-16 14:45:01,893:INFO:Fitting Model
2020-09-16 14:45:01,962:INFO:Evaluating Metrics
2020-09-16 14:45:01,981:INFO:Compiling Metrics
2020-09-16 14:45:01,986:INFO:Initializing Fold 9
2020-09-16 14:45:01,987:INFO:Total runtime is 0.14595705270767215 minutes
2020-09-16 14:45:01,991:INFO:Fitting Model
2020-09-16 14:45:02,063:INFO:Evaluating Metrics
2020-09-16 14:45:02,081:INFO:Compiling Metrics
2020-09-16 14:45:02,086:INFO:Initializing Fold 10
2020-09-16 14:45:02,087:INFO:Total runtime is 0.1476269404093425 minutes
2020-09-16 14:45:02,092:INFO:Fitting Model
2020-09-16 14:45:02,160:INFO:Evaluating Metrics
2020-09-16 14:45:02,180:INFO:Compiling Metrics
2020-09-16 14:45:02,184:INFO:Calculating mean and std
2020-09-16 14:45:02,185:INFO:Creating metrics dataframe
2020-09-16 14:45:02,196:INFO:Initializing Gradient Boosting Classifier
2020-09-16 14:45:02,202:INFO:Initializing Fold 1
2020-09-16 14:45:02,203:INFO:Total runtime is 0.14955305655797327 minutes
2020-09-16 14:45:02,207:INFO:Fitting Model
2020-09-16 14:45:02,300:INFO:Evaluating Metrics
2020-09-16 14:45:02,309:INFO:Compiling Metrics
2020-09-16 14:45:02,314:INFO:Initializing Fold 2
2020-09-16 14:45:02,314:INFO:Total runtime is 0.1514130512873332 minutes
2020-09-16 14:45:02,319:INFO:Fitting Model
2020-09-16 14:45:02,406:INFO:Evaluating Metrics
2020-09-16 14:45:02,413:INFO:Compiling Metrics
2020-09-16 14:45:02,418:INFO:Initializing Fold 3
2020-09-16 14:45:02,418:INFO:Total runtime is 0.15314904451370243 minutes
2020-09-16 14:45:02,423:INFO:Fitting Model
2020-09-16 14:45:02,510:INFO:Evaluating Metrics
2020-09-16 14:45:02,519:INFO:Compiling Metrics
2020-09-16 14:45:02,524:INFO:Initializing Fold 4
2020-09-16 14:45:02,524:INFO:Total runtime is 0.15490984121958418 minutes
2020-09-16 14:45:02,529:INFO:Fitting Model
2020-09-16 14:45:02,632:INFO:Evaluating Metrics
2020-09-16 14:45:02,639:INFO:Compiling Metrics
2020-09-16 14:45:02,645:INFO:Initializing Fold 5
2020-09-16 14:45:02,646:INFO:Total runtime is 0.15694346030553186 minutes
2020-09-16 14:45:02,651:INFO:Fitting Model
2020-09-16 14:45:02,745:INFO:Evaluating Metrics
2020-09-16 14:45:02,754:INFO:Compiling Metrics
2020-09-16 14:45:02,760:INFO:Initializing Fold 6
2020-09-16 14:45:02,760:INFO:Total runtime is 0.158844800790151 minutes
2020-09-16 14:45:02,765:INFO:Fitting Model
2020-09-16 14:45:02,849:INFO:Evaluating Metrics
2020-09-16 14:45:02,856:INFO:Compiling Metrics
2020-09-16 14:45:02,861:INFO:Initializing Fold 7
2020-09-16 14:45:02,862:INFO:Total runtime is 0.160539452234904 minutes
2020-09-16 14:45:02,866:INFO:Fitting Model
2020-09-16 14:45:02,947:INFO:Evaluating Metrics
2020-09-16 14:45:02,955:INFO:Compiling Metrics
2020-09-16 14:45:02,960:INFO:Initializing Fold 8
2020-09-16 14:45:02,960:INFO:Total runtime is 0.16217624346415205 minutes
2020-09-16 14:45:02,964:INFO:Fitting Model
2020-09-16 14:45:03,051:INFO:Evaluating Metrics
2020-09-16 14:45:03,058:INFO:Compiling Metrics
2020-09-16 14:45:03,062:INFO:Initializing Fold 9
2020-09-16 14:45:03,063:INFO:Total runtime is 0.16388786236445113 minutes
2020-09-16 14:45:03,067:INFO:Fitting Model
2020-09-16 14:45:03,151:INFO:Evaluating Metrics
2020-09-16 14:45:03,159:INFO:Compiling Metrics
2020-09-16 14:45:03,164:INFO:Initializing Fold 10
2020-09-16 14:45:03,165:INFO:Total runtime is 0.1655903816223145 minutes
2020-09-16 14:45:03,170:INFO:Fitting Model
2020-09-16 14:45:03,252:INFO:Evaluating Metrics
2020-09-16 14:45:03,259:INFO:Compiling Metrics
2020-09-16 14:45:03,264:INFO:Calculating mean and std
2020-09-16 14:45:03,264:INFO:Creating metrics dataframe
2020-09-16 14:45:03,277:INFO:Initializing Linear Discriminant Analysis
2020-09-16 14:45:03,282:INFO:Initializing Fold 1
2020-09-16 14:45:03,282:INFO:Total runtime is 0.16755018234252933 minutes
2020-09-16 14:45:03,287:INFO:Fitting Model
2020-09-16 14:45:03,291:INFO:Evaluating Metrics
2020-09-16 14:45:03,302:INFO:Compiling Metrics
2020-09-16 14:45:03,309:INFO:Initializing Fold 2
2020-09-16 14:45:03,311:INFO:Total runtime is 0.16801251173019413 minutes
2020-09-16 14:45:03,316:INFO:Fitting Model
2020-09-16 14:45:03,322:INFO:Evaluating Metrics
2020-09-16 14:45:03,330:INFO:Compiling Metrics
2020-09-16 14:45:03,337:INFO:Initializing Fold 3
2020-09-16 14:45:03,338:INFO:Total runtime is 0.1684671719868978 minutes
2020-09-16 14:45:03,343:INFO:Fitting Model
2020-09-16 14:45:03,348:INFO:Evaluating Metrics
2020-09-16 14:45:03,358:INFO:Compiling Metrics
2020-09-16 14:45:03,365:INFO:Initializing Fold 4
2020-09-16 14:45:03,366:INFO:Total runtime is 0.16894663572311405 minutes
2020-09-16 14:45:03,373:INFO:Fitting Model
2020-09-16 14:45:03,378:INFO:Evaluating Metrics
2020-09-16 14:45:03,388:INFO:Compiling Metrics
2020-09-16 14:45:03,395:INFO:Initializing Fold 5
2020-09-16 14:45:03,396:INFO:Total runtime is 0.16945089896519983 minutes
2020-09-16 14:45:03,403:INFO:Fitting Model
2020-09-16 14:45:03,408:INFO:Evaluating Metrics
2020-09-16 14:45:03,418:INFO:Compiling Metrics
2020-09-16 14:45:03,426:INFO:Initializing Fold 6
2020-09-16 14:45:03,427:INFO:Total runtime is 0.1699551622072856 minutes
2020-09-16 14:45:03,432:INFO:Fitting Model
2020-09-16 14:45:03,438:INFO:Evaluating Metrics
2020-09-16 14:45:03,448:INFO:Compiling Metrics
2020-09-16 14:45:03,456:INFO:Initializing Fold 7
2020-09-16 14:45:03,457:INFO:Total runtime is 0.17046769460042321 minutes
2020-09-16 14:45:03,462:INFO:Fitting Model
2020-09-16 14:45:03,468:INFO:Evaluating Metrics
2020-09-16 14:45:03,476:INFO:Compiling Metrics
2020-09-16 14:45:03,484:INFO:Initializing Fold 8
2020-09-16 14:45:03,485:INFO:Total runtime is 0.17093062798182174 minutes
2020-09-16 14:45:03,492:INFO:Fitting Model
2020-09-16 14:45:03,496:INFO:Evaluating Metrics
2020-09-16 14:45:03,509:INFO:Compiling Metrics
2020-09-16 14:45:03,517:INFO:Initializing Fold 9
2020-09-16 14:45:03,517:INFO:Total runtime is 0.17146796385447188 minutes
2020-09-16 14:45:03,524:INFO:Fitting Model
2020-09-16 14:45:03,530:INFO:Evaluating Metrics
2020-09-16 14:45:03,538:INFO:Compiling Metrics
2020-09-16 14:45:03,545:INFO:Initializing Fold 10
2020-09-16 14:45:03,545:INFO:Total runtime is 0.1719308932622274 minutes
2020-09-16 14:45:03,552:INFO:Fitting Model
2020-09-16 14:45:03,558:INFO:Evaluating Metrics
2020-09-16 14:45:03,569:INFO:Compiling Metrics
2020-09-16 14:45:03,577:INFO:Calculating mean and std
2020-09-16 14:45:03,578:INFO:Creating metrics dataframe
2020-09-16 14:45:03,596:INFO:Initializing Extra Trees Classifier
2020-09-16 14:45:03,604:INFO:Initializing Fold 1
2020-09-16 14:45:03,605:INFO:Total runtime is 0.1729229013125102 minutes
2020-09-16 14:45:03,610:INFO:Fitting Model
2020-09-16 14:45:03,779:INFO:Evaluating Metrics
2020-09-16 14:45:03,998:INFO:Compiling Metrics
2020-09-16 14:45:04,004:INFO:Initializing Fold 2
2020-09-16 14:45:04,005:INFO:Total runtime is 0.17958582639694218 minutes
2020-09-16 14:45:04,010:INFO:Fitting Model
2020-09-16 14:45:04,162:INFO:Evaluating Metrics
2020-09-16 14:45:04,379:INFO:Compiling Metrics
2020-09-16 14:45:04,384:INFO:Initializing Fold 3
2020-09-16 14:45:04,384:INFO:Total runtime is 0.1859104156494141 minutes
2020-09-16 14:45:04,389:INFO:Fitting Model
2020-09-16 14:45:04,531:INFO:Evaluating Metrics
2020-09-16 14:45:04,748:INFO:Compiling Metrics
2020-09-16 14:45:04,753:INFO:Initializing Fold 4
2020-09-16 14:45:04,754:INFO:Total runtime is 0.19206940333048506 minutes
2020-09-16 14:45:04,758:INFO:Fitting Model
2020-09-16 14:45:04,899:INFO:Evaluating Metrics
2020-09-16 14:45:05,116:INFO:Compiling Metrics
2020-09-16 14:45:05,121:INFO:Initializing Fold 5
2020-09-16 14:45:05,121:INFO:Total runtime is 0.19819747209548952 minutes
2020-09-16 14:45:05,126:INFO:Fitting Model
2020-09-16 14:45:05,267:INFO:Evaluating Metrics
2020-09-16 14:45:05,486:INFO:Compiling Metrics
2020-09-16 14:45:05,492:INFO:Initializing Fold 6
2020-09-16 14:45:05,492:INFO:Total runtime is 0.20437775055567425 minutes
2020-09-16 14:45:05,497:INFO:Fitting Model
2020-09-16 14:45:05,651:INFO:Evaluating Metrics
2020-09-16 14:45:05,868:INFO:Compiling Metrics
2020-09-16 14:45:05,872:INFO:Initializing Fold 7
2020-09-16 14:45:05,873:INFO:Total runtime is 0.2107195576032003 minutes
2020-09-16 14:45:05,878:INFO:Fitting Model
2020-09-16 14:45:06,019:INFO:Evaluating Metrics
2020-09-16 14:45:06,236:INFO:Compiling Metrics
2020-09-16 14:45:06,242:INFO:Initializing Fold 8
2020-09-16 14:45:06,243:INFO:Total runtime is 0.21688837607701622 minutes
2020-09-16 14:45:06,247:INFO:Fitting Model
2020-09-16 14:45:06,393:INFO:Evaluating Metrics
2020-09-16 14:45:06,610:INFO:Compiling Metrics
2020-09-16 14:45:06,615:INFO:Initializing Fold 9
2020-09-16 14:45:06,615:INFO:Total runtime is 0.22309651772181197 minutes
2020-09-16 14:45:06,621:INFO:Fitting Model
2020-09-16 14:45:06,763:INFO:Evaluating Metrics
2020-09-16 14:45:06,980:INFO:Compiling Metrics
2020-09-16 14:45:06,985:INFO:Initializing Fold 10
2020-09-16 14:45:06,985:INFO:Total runtime is 0.22926348050435388 minutes
2020-09-16 14:45:06,991:INFO:Fitting Model
2020-09-16 14:45:07,143:INFO:Evaluating Metrics
2020-09-16 14:45:07,360:INFO:Compiling Metrics
2020-09-16 14:45:07,366:INFO:Calculating mean and std
2020-09-16 14:45:07,366:INFO:Creating metrics dataframe
2020-09-16 14:45:07,379:INFO:Initializing Extreme Gradient Boosting
2020-09-16 14:45:07,385:INFO:Initializing Fold 1
2020-09-16 14:45:07,385:INFO:Total runtime is 0.23593102693557744 minutes
2020-09-16 14:45:07,390:INFO:Fitting Model
2020-09-16 14:45:07,681:INFO:Evaluating Metrics
2020-09-16 14:45:07,694:INFO:Compiling Metrics
2020-09-16 14:45:07,705:INFO:Initializing Fold 2
2020-09-16 14:45:07,706:INFO:Total runtime is 0.24127827485402428 minutes
2020-09-16 14:45:07,714:INFO:Fitting Model
2020-09-16 14:45:07,808:INFO:Evaluating Metrics
2020-09-16 14:45:07,823:INFO:Compiling Metrics
2020-09-16 14:45:07,832:INFO:Initializing Fold 3
2020-09-16 14:45:07,833:INFO:Total runtime is 0.24337799946467084 minutes
2020-09-16 14:45:07,841:INFO:Fitting Model
2020-09-16 14:45:07,938:INFO:Evaluating Metrics
2020-09-16 14:45:07,952:INFO:Compiling Metrics
2020-09-16 14:45:07,963:INFO:Initializing Fold 4
2020-09-16 14:45:07,964:INFO:Total runtime is 0.24557694196701052 minutes
2020-09-16 14:45:07,973:INFO:Fitting Model
2020-09-16 14:45:08,070:INFO:Evaluating Metrics
2020-09-16 14:45:08,082:INFO:Compiling Metrics
2020-09-16 14:45:08,093:INFO:Initializing Fold 5
2020-09-16 14:45:08,093:INFO:Total runtime is 0.247734538714091 minutes
2020-09-16 14:45:08,102:INFO:Fitting Model
2020-09-16 14:45:08,198:INFO:Evaluating Metrics
2020-09-16 14:45:08,211:INFO:Compiling Metrics
2020-09-16 14:45:08,221:INFO:Initializing Fold 6
2020-09-16 14:45:08,223:INFO:Total runtime is 0.2498838583628337 minutes
2020-09-16 14:45:08,232:INFO:Fitting Model
2020-09-16 14:45:08,345:INFO:Evaluating Metrics
2020-09-16 14:45:08,358:INFO:Compiling Metrics
2020-09-16 14:45:08,370:INFO:Initializing Fold 7
2020-09-16 14:45:08,371:INFO:Total runtime is 0.25235559940338137 minutes
2020-09-16 14:45:08,380:INFO:Fitting Model
2020-09-16 14:45:08,496:INFO:Evaluating Metrics
2020-09-16 14:45:08,510:INFO:Compiling Metrics
2020-09-16 14:45:08,520:INFO:Initializing Fold 8
2020-09-16 14:45:08,521:INFO:Total runtime is 0.25485212405522667 minutes
2020-09-16 14:45:08,530:INFO:Fitting Model
2020-09-16 14:45:08,649:INFO:Evaluating Metrics
2020-09-16 14:45:08,664:INFO:Compiling Metrics
2020-09-16 14:45:08,675:INFO:Initializing Fold 9
2020-09-16 14:45:08,676:INFO:Total runtime is 0.25744785467783615 minutes
2020-09-16 14:45:08,686:INFO:Fitting Model
2020-09-16 14:45:08,801:INFO:Evaluating Metrics
2020-09-16 14:45:08,817:INFO:Compiling Metrics
2020-09-16 14:45:08,828:INFO:Initializing Fold 10
2020-09-16 14:45:08,829:INFO:Total runtime is 0.2599939902623495 minutes
2020-09-16 14:45:08,836:INFO:Fitting Model
2020-09-16 14:45:08,934:INFO:Evaluating Metrics
2020-09-16 14:45:08,948:INFO:Compiling Metrics
2020-09-16 14:45:08,959:INFO:Calculating mean and std
2020-09-16 14:45:08,960:INFO:Creating metrics dataframe
2020-09-16 14:45:08,988:INFO:Initializing Light Gradient Boosting Machine
2020-09-16 14:45:08,999:INFO:Initializing Fold 1
2020-09-16 14:45:09,000:INFO:Total runtime is 0.26283771197001143 minutes
2020-09-16 14:45:09,009:INFO:Fitting Model
2020-09-16 14:45:09,167:INFO:Evaluating Metrics
2020-09-16 14:45:09,180:INFO:Compiling Metrics
2020-09-16 14:45:09,189:INFO:Initializing Fold 2
2020-09-16 14:45:09,190:INFO:Total runtime is 0.26600384712219244 minutes
2020-09-16 14:45:09,199:INFO:Fitting Model
2020-09-16 14:45:09,352:INFO:Evaluating Metrics
2020-09-16 14:45:09,366:INFO:Compiling Metrics
2020-09-16 14:45:09,377:INFO:Initializing Fold 3
2020-09-16 14:45:09,379:INFO:Total runtime is 0.26915344397226976 minutes
2020-09-16 14:45:09,387:INFO:Fitting Model
2020-09-16 14:45:09,474:INFO:Evaluating Metrics
2020-09-16 14:45:09,495:INFO:Compiling Metrics
2020-09-16 14:45:09,502:INFO:Initializing Fold 4
2020-09-16 14:45:09,503:INFO:Total runtime is 0.27122837305068975 minutes
2020-09-16 14:45:09,512:INFO:Fitting Model
2020-09-16 14:45:09,613:INFO:Evaluating Metrics
2020-09-16 14:45:09,629:INFO:Compiling Metrics
2020-09-16 14:45:09,640:INFO:Initializing Fold 5
2020-09-16 14:45:09,641:INFO:Total runtime is 0.2735265096028646 minutes
2020-09-16 14:45:09,650:INFO:Fitting Model
2020-09-16 14:45:09,740:INFO:Evaluating Metrics
2020-09-16 14:45:09,755:INFO:Compiling Metrics
2020-09-16 14:45:09,765:INFO:Initializing Fold 6
2020-09-16 14:45:09,766:INFO:Total runtime is 0.2756179769833883 minutes
2020-09-16 14:45:09,776:INFO:Fitting Model
2020-09-16 14:45:09,881:INFO:Evaluating Metrics
2020-09-16 14:45:09,896:INFO:Compiling Metrics
2020-09-16 14:45:09,907:INFO:Initializing Fold 7
2020-09-16 14:45:09,909:INFO:Total runtime is 0.27798224290212 minutes
2020-09-16 14:45:09,917:INFO:Fitting Model
2020-09-16 14:45:10,020:INFO:Evaluating Metrics
2020-09-16 14:45:10,035:INFO:Compiling Metrics
2020-09-16 14:45:10,046:INFO:Initializing Fold 8
2020-09-16 14:45:10,047:INFO:Total runtime is 0.2802969018618266 minutes
2020-09-16 14:45:10,056:INFO:Fitting Model
2020-09-16 14:45:10,184:INFO:Evaluating Metrics
2020-09-16 14:45:10,201:INFO:Compiling Metrics
2020-09-16 14:45:10,212:INFO:Initializing Fold 9
2020-09-16 14:45:10,213:INFO:Total runtime is 0.2830662250518799 minutes
2020-09-16 14:45:10,223:INFO:Fitting Model
2020-09-16 14:45:10,331:INFO:Evaluating Metrics
2020-09-16 14:45:10,347:INFO:Compiling Metrics
2020-09-16 14:45:10,358:INFO:Initializing Fold 10
2020-09-16 14:45:10,359:INFO:Total runtime is 0.28548835913340254 minutes
2020-09-16 14:45:10,368:INFO:Fitting Model
2020-09-16 14:45:10,468:INFO:Evaluating Metrics
2020-09-16 14:45:10,481:INFO:Compiling Metrics
2020-09-16 14:45:10,490:INFO:Calculating mean and std
2020-09-16 14:45:10,490:INFO:Creating metrics dataframe
2020-09-16 14:45:10,520:INFO:Initializing CatBoost Classifier
2020-09-16 14:45:10,530:INFO:Initializing Fold 1
2020-09-16 14:45:10,532:INFO:Total runtime is 0.2883651653925578 minutes
2020-09-16 14:45:10,541:INFO:Fitting Model
2020-09-16 14:45:12,438:INFO:Evaluating Metrics
2020-09-16 14:45:12,445:INFO:Compiling Metrics
2020-09-16 14:45:12,450:INFO:Initializing Fold 2
2020-09-16 14:45:12,451:INFO:Total runtime is 0.3203571478525798 minutes
2020-09-16 14:45:12,455:INFO:Fitting Model
2020-09-16 14:45:14,323:INFO:Evaluating Metrics
2020-09-16 14:45:14,331:INFO:Compiling Metrics
2020-09-16 14:45:14,336:INFO:Initializing Fold 3
2020-09-16 14:45:14,337:INFO:Total runtime is 0.351795244216919 minutes
2020-09-16 14:45:14,342:INFO:Fitting Model
2020-09-16 14:45:16,093:INFO:Evaluating Metrics
2020-09-16 14:45:16,100:INFO:Compiling Metrics
2020-09-16 14:45:16,105:INFO:Initializing Fold 4
2020-09-16 14:45:16,106:INFO:Total runtime is 0.38127414385477704 minutes
2020-09-16 14:45:16,111:INFO:Fitting Model
2020-09-16 14:45:17,886:INFO:Evaluating Metrics
2020-09-16 14:45:17,893:INFO:Compiling Metrics
2020-09-16 14:45:17,898:INFO:Initializing Fold 5
2020-09-16 14:45:17,899:INFO:Total runtime is 0.41115811268488567 minutes
2020-09-16 14:45:17,903:INFO:Fitting Model
2020-09-16 14:45:19,686:INFO:Evaluating Metrics
2020-09-16 14:45:19,693:INFO:Compiling Metrics
2020-09-16 14:45:19,698:INFO:Initializing Fold 6
2020-09-16 14:45:19,699:INFO:Total runtime is 0.44115782578786217 minutes
2020-09-16 14:45:19,704:INFO:Fitting Model
2020-09-16 14:45:21,456:INFO:Evaluating Metrics
2020-09-16 14:45:21,465:INFO:Compiling Metrics
2020-09-16 14:45:21,469:INFO:Initializing Fold 7
2020-09-16 14:45:21,470:INFO:Total runtime is 0.4706697980562846 minutes
2020-09-16 14:45:21,474:INFO:Fitting Model
2020-09-16 14:45:23,293:INFO:Evaluating Metrics
2020-09-16 14:45:23,302:INFO:Compiling Metrics
2020-09-16 14:45:23,307:INFO:Initializing Fold 8
2020-09-16 14:45:23,308:INFO:Total runtime is 0.5013022104899089 minutes
2020-09-16 14:45:23,312:INFO:Fitting Model
2020-09-16 14:45:25,089:INFO:Evaluating Metrics
2020-09-16 14:45:25,097:INFO:Compiling Metrics
2020-09-16 14:45:25,101:INFO:Initializing Fold 9
2020-09-16 14:45:25,102:INFO:Total runtime is 0.5312027176221212 minutes
2020-09-16 14:45:25,106:INFO:Fitting Model
2020-09-16 14:45:26,905:INFO:Evaluating Metrics
2020-09-16 14:45:26,912:INFO:Compiling Metrics
2020-09-16 14:45:26,917:INFO:Initializing Fold 10
2020-09-16 14:45:26,917:INFO:Total runtime is 0.5614669640858969 minutes
2020-09-16 14:45:26,923:INFO:Fitting Model
2020-09-16 14:45:28,960:INFO:Evaluating Metrics
2020-09-16 14:45:28,968:INFO:Compiling Metrics
2020-09-16 14:45:28,973:INFO:Calculating mean and std
2020-09-16 14:45:28,974:INFO:Creating metrics dataframe
2020-09-16 14:45:28,995:INFO:Finalizing top_n models
2020-09-16 14:45:28,995:INFO:SubProcess create_model() called ==================================
2020-09-16 14:45:29,000:INFO:Initializing create_model()
2020-09-16 14:45:29,000:INFO:create_model(estimator=catboost, ensemble=False, method=None, fold=10, round=4, cross_validation=True, verbose=False, system=False)
2020-09-16 14:45:29,000:INFO:Checking exceptions
2020-09-16 14:45:29,000:INFO:Preloading libraries
2020-09-16 14:45:29,000:INFO:Preparing display monitor
2020-09-16 14:45:29,009:INFO:Copying training dataset
2020-09-16 14:45:29,009:INFO:Importing libraries
2020-09-16 14:45:29,010:INFO:Defining folds
2020-09-16 14:45:29,010:INFO:Declaring metric variables
2020-09-16 14:45:29,010:INFO:Importing untrained model
2020-09-16 14:45:29,011:INFO:CatBoost Classifier Imported succesfully
2020-09-16 14:45:29,011:INFO:Checking ensemble method
2020-09-16 14:45:29,014:INFO:Initializing Fold 1
2020-09-16 14:45:29,015:INFO:Fitting Model
2020-09-16 14:45:30,732:INFO:Evaluating Metrics
2020-09-16 14:45:30,742:INFO:Compiling Metrics
2020-09-16 14:45:30,747:INFO:Initializing Fold 2
2020-09-16 14:45:30,748:INFO:Fitting Model
2020-09-16 14:45:32,478:INFO:Evaluating Metrics
2020-09-16 14:45:32,489:INFO:Compiling Metrics
2020-09-16 14:45:32,494:INFO:Initializing Fold 3
2020-09-16 14:45:32,495:INFO:Fitting Model
2020-09-16 14:45:34,363:INFO:Evaluating Metrics
2020-09-16 14:45:34,372:INFO:Compiling Metrics
2020-09-16 14:45:34,378:INFO:Initializing Fold 4
2020-09-16 14:45:34,379:INFO:Fitting Model
2020-09-16 14:45:36,145:INFO:Evaluating Metrics
2020-09-16 14:45:36,153:INFO:Compiling Metrics
2020-09-16 14:45:36,158:INFO:Initializing Fold 5
2020-09-16 14:45:36,159:INFO:Fitting Model
2020-09-16 14:45:37,936:INFO:Evaluating Metrics
2020-09-16 14:45:37,945:INFO:Compiling Metrics
2020-09-16 14:45:37,950:INFO:Initializing Fold 6
2020-09-16 14:45:37,951:INFO:Fitting Model
2020-09-16 14:45:39,688:INFO:Evaluating Metrics
2020-09-16 14:45:39,696:INFO:Compiling Metrics
2020-09-16 14:45:39,701:INFO:Initializing Fold 7
2020-09-16 14:45:39,703:INFO:Fitting Model
2020-09-16 14:45:41,445:INFO:Evaluating Metrics
2020-09-16 14:45:41,454:INFO:Compiling Metrics
2020-09-16 14:45:41,459:INFO:Initializing Fold 8
2020-09-16 14:45:41,459:INFO:Fitting Model
2020-09-16 14:45:43,276:INFO:Evaluating Metrics
2020-09-16 14:45:43,284:INFO:Compiling Metrics
2020-09-16 14:45:43,289:INFO:Initializing Fold 9
2020-09-16 14:45:43,290:INFO:Fitting Model
2020-09-16 14:45:45,140:INFO:Evaluating Metrics
2020-09-16 14:45:45,148:INFO:Compiling Metrics
2020-09-16 14:45:45,152:INFO:Initializing Fold 10
2020-09-16 14:45:45,153:INFO:Fitting Model
2020-09-16 14:45:46,933:INFO:Evaluating Metrics
2020-09-16 14:45:46,940:INFO:Compiling Metrics
2020-09-16 14:45:46,944:INFO:Calculating mean and std
2020-09-16 14:45:46,945:INFO:Creating metrics dataframe
2020-09-16 14:45:46,949:INFO:Finalizing model
2020-09-16 14:45:48,896:INFO:Uploading results into container
2020-09-16 14:45:48,896:INFO:Uploading model into container now
2020-09-16 14:45:48,896:INFO:create_model_container: 1
2020-09-16 14:45:48,896:INFO:master_model_container: 1
2020-09-16 14:45:48,896:INFO:display_container: 1
2020-09-16 14:45:48,896:INFO:<catboost.core.CatBoostClassifier object at 0x00000183B34DF630>
2020-09-16 14:45:48,896:INFO:create_model() succesfully completed......................................
2020-09-16 14:45:48,896:INFO:SubProcess create_model() end ==================================
2020-09-16 14:45:48,931:INFO:create_model_container: 1
2020-09-16 14:45:48,931:INFO:master_model_container: 1
2020-09-16 14:45:48,931:INFO:display_container: 2
2020-09-16 14:45:48,931:INFO:<catboost.core.CatBoostClassifier object at 0x00000183B34DF630>
2020-09-16 14:45:48,931:INFO:compare_models() succesfully completed......................................
2020-09-16 14:47:48,523:INFO:Initializing create_model()
2020-09-16 14:47:48,523:INFO:create_model(estimator=lightgbm, ensemble=False, method=None, fold=10, round=4, cross_validation=True, verbose=True, system=True)
2020-09-16 14:47:48,523:INFO:Checking exceptions
2020-09-16 14:47:48,523:INFO:Preloading libraries
2020-09-16 14:47:48,523:INFO:Preparing display monitor
2020-09-16 14:47:48,548:INFO:Copying training dataset
2020-09-16 14:47:48,549:INFO:Importing libraries
2020-09-16 14:47:48,550:INFO:Defining folds
2020-09-16 14:47:48,550:INFO:Declaring metric variables
2020-09-16 14:47:48,554:INFO:Importing untrained model
2020-09-16 14:47:48,554:INFO:Light Gradient Boosting Machine Imported succesfully
2020-09-16 14:47:48,555:INFO:Checking ensemble method
2020-09-16 14:47:48,562:INFO:Initializing Fold 1
2020-09-16 14:47:48,567:INFO:Fitting Model
2020-09-16 14:47:48,697:INFO:Evaluating Metrics
2020-09-16 14:47:48,711:INFO:Compiling Metrics
2020-09-16 14:47:48,737:INFO:Initializing Fold 2
2020-09-16 14:47:48,746:INFO:Fitting Model
2020-09-16 14:47:48,854:INFO:Evaluating Metrics
2020-09-16 14:47:48,870:INFO:Compiling Metrics
2020-09-16 14:47:48,900:INFO:Initializing Fold 3
2020-09-16 14:47:48,908:INFO:Fitting Model
2020-09-16 14:47:49,073:INFO:Evaluating Metrics
2020-09-16 14:47:49,090:INFO:Compiling Metrics
2020-09-16 14:47:49,119:INFO:Initializing Fold 4
2020-09-16 14:47:49,128:INFO:Fitting Model
2020-09-16 14:47:49,266:INFO:Evaluating Metrics
2020-09-16 14:47:49,281:INFO:Compiling Metrics
2020-09-16 14:47:49,312:INFO:Initializing Fold 5
2020-09-16 14:47:49,321:INFO:Fitting Model
2020-09-16 14:47:49,442:INFO:Evaluating Metrics
2020-09-16 14:47:49,457:INFO:Compiling Metrics
2020-09-16 14:47:49,489:INFO:Initializing Fold 6
2020-09-16 14:47:49,497:INFO:Fitting Model
2020-09-16 14:47:49,598:INFO:Evaluating Metrics
2020-09-16 14:47:49,608:INFO:Compiling Metrics
2020-09-16 14:47:49,639:INFO:Initializing Fold 7
2020-09-16 14:47:49,648:INFO:Fitting Model
2020-09-16 14:47:49,745:INFO:Evaluating Metrics
2020-09-16 14:47:49,759:INFO:Compiling Metrics
2020-09-16 14:47:49,788:INFO:Initializing Fold 8
2020-09-16 14:47:49,795:INFO:Fitting Model
2020-09-16 14:47:49,934:INFO:Evaluating Metrics
2020-09-16 14:47:49,948:INFO:Compiling Metrics
2020-09-16 14:47:49,976:INFO:Initializing Fold 9
2020-09-16 14:47:49,985:INFO:Fitting Model
2020-09-16 14:47:50,082:INFO:Evaluating Metrics
2020-09-16 14:47:50,097:INFO:Compiling Metrics
2020-09-16 14:47:50,125:INFO:Initializing Fold 10
2020-09-16 14:47:50,134:INFO:Fitting Model
2020-09-16 14:47:50,249:INFO:Evaluating Metrics
2020-09-16 14:47:50,262:INFO:Compiling Metrics
2020-09-16 14:47:50,290:INFO:Calculating mean and std
2020-09-16 14:47:50,293:INFO:Creating metrics dataframe
2020-09-16 14:47:50,307:INFO:Finalizing model
2020-09-16 14:47:50,437:INFO:Uploading results into container
2020-09-16 14:47:50,437:INFO:Uploading model into container now
2020-09-16 14:47:50,471:INFO:create_model_container: 2
2020-09-16 14:47:50,471:INFO:master_model_container: 2
2020-09-16 14:47:50,471:INFO:display_container: 3
2020-09-16 14:47:50,473:INFO:LGBMClassifier(boosting_type='gbdt', class_weight=None, colsample_bytree=1.0,
               importance_type='split', learning_rate=0.1, max_depth=-1,
               min_child_samples=20, min_child_weight=0.001, min_split_gain=0.0,
               n_estimators=100, n_jobs=-1, num_leaves=31, objective=None,
               random_state=4251, reg_alpha=0.0, reg_lambda=0.0, silent=True,
               subsample=1.0, subsample_for_bin=200000, subsample_freq=0)
2020-09-16 14:47:50,473:INFO:create_model() succesfully completed......................................
2020-09-16 14:48:55,919:INFO:Initializing tune_model()
2020-09-16 14:48:55,919:INFO:tune_model(estimator=LGBMClassifier(boosting_type='gbdt', class_weight=None, colsample_bytree=1.0,
               importance_type='split', learning_rate=0.1, max_depth=-1,
               min_child_samples=20, min_child_weight=0.001, min_split_gain=0.0,
               n_estimators=100, n_jobs=-1, num_leaves=31, objective=None,
               random_state=4251, reg_alpha=0.0, reg_lambda=0.0, silent=True,
               subsample=1.0, subsample_for_bin=200000, subsample_freq=0), fold=10, round=4, n_iter=10, custom_grid=None, optimize=Accuracy, choose_better=False, verbose=True)
2020-09-16 14:48:55,920:INFO:Checking exceptions
2020-09-16 14:48:55,921:INFO:Preloading libraries
2020-09-16 14:48:55,921:INFO:Preparing display monitor
2020-09-16 14:48:55,943:INFO:Copying training dataset
2020-09-16 14:48:55,943:INFO:Creating estimator clone to inherit model parameters
2020-09-16 14:48:55,944:INFO:Importing libraries
2020-09-16 14:48:55,944:INFO:Checking base model
2020-09-16 14:48:55,945:INFO:Base model : Light Gradient Boosting Machine
2020-09-16 14:48:55,945:INFO:Defining folds
2020-09-16 14:48:55,945:INFO:Declaring metric variables
2020-09-16 14:48:55,949:INFO:Defining Hyperparameters
2020-09-16 14:48:55,949:INFO:Initializing RandomizedSearchCV
2020-09-16 14:48:59,129:INFO:Random search completed
2020-09-16 14:48:59,139:INFO:Initializing Fold 1
2020-09-16 14:48:59,148:INFO:Fitting Model
2020-09-16 14:48:59,188:INFO:Evaluating Metrics
2020-09-16 14:48:59,204:INFO:Compiling Metrics
2020-09-16 14:48:59,234:INFO:Initializing Fold 2
2020-09-16 14:48:59,242:INFO:Fitting Model
2020-09-16 14:48:59,287:INFO:Evaluating Metrics
2020-09-16 14:48:59,302:INFO:Compiling Metrics
2020-09-16 14:48:59,331:INFO:Initializing Fold 3
2020-09-16 14:48:59,339:INFO:Fitting Model
2020-09-16 14:48:59,372:INFO:Evaluating Metrics
2020-09-16 14:48:59,383:INFO:Compiling Metrics
2020-09-16 14:48:59,412:INFO:Initializing Fold 4
2020-09-16 14:48:59,421:INFO:Fitting Model
2020-09-16 14:48:59,456:INFO:Evaluating Metrics
2020-09-16 14:48:59,468:INFO:Compiling Metrics
2020-09-16 14:48:59,501:INFO:Initializing Fold 5
2020-09-16 14:48:59,509:INFO:Fitting Model
2020-09-16 14:48:59,545:INFO:Evaluating Metrics
2020-09-16 14:48:59,560:INFO:Compiling Metrics
2020-09-16 14:48:59,591:INFO:Initializing Fold 6
2020-09-16 14:48:59,600:INFO:Fitting Model
2020-09-16 14:48:59,634:INFO:Evaluating Metrics
2020-09-16 14:48:59,644:INFO:Compiling Metrics
2020-09-16 14:48:59,677:INFO:Initializing Fold 7
2020-09-16 14:48:59,686:INFO:Fitting Model
2020-09-16 14:48:59,718:INFO:Evaluating Metrics
2020-09-16 14:48:59,733:INFO:Compiling Metrics
2020-09-16 14:48:59,764:INFO:Initializing Fold 8
2020-09-16 14:48:59,773:INFO:Fitting Model
2020-09-16 14:48:59,835:INFO:Evaluating Metrics
2020-09-16 14:48:59,850:INFO:Compiling Metrics
2020-09-16 14:48:59,882:INFO:Initializing Fold 9
2020-09-16 14:48:59,890:INFO:Fitting Model
2020-09-16 14:48:59,930:INFO:Evaluating Metrics
2020-09-16 14:48:59,945:INFO:Compiling Metrics
2020-09-16 14:48:59,970:INFO:Initializing Fold 10
2020-09-16 14:48:59,975:INFO:Fitting Model
2020-09-16 14:49:00,027:INFO:Evaluating Metrics
2020-09-16 14:49:00,040:INFO:Compiling Metrics
2020-09-16 14:49:00,076:INFO:Calculating mean and std
2020-09-16 14:49:00,077:INFO:Creating metrics dataframe
2020-09-16 14:49:00,092:INFO:Finalizing model
2020-09-16 14:49:00,132:INFO:Uploading results into container
2020-09-16 14:49:00,132:INFO:Uploading model into container
2020-09-16 14:49:00,167:INFO:create_model_container: 3
2020-09-16 14:49:00,167:INFO:master_model_container: 3
2020-09-16 14:49:00,168:INFO:display_container: 4
2020-09-16 14:49:00,169:INFO:LGBMClassifier(boosting_type='gbdt', class_weight=None, colsample_bytree=1.0,
               importance_type='split', learning_rate=0.3, max_depth=90,
               min_child_samples=20, min_child_weight=0.001, min_split_gain=0.9,
               n_estimators=200, n_jobs=-1, num_leaves=150, objective=None,
               random_state=4251, reg_alpha=0.1, reg_lambda=0.8, silent=True,
               subsample=1.0, subsample_for_bin=200000, subsample_freq=0)
2020-09-16 14:49:00,169:INFO:tune_model() succesfully completed......................................
2020-09-16 14:50:46,743:INFO:Initializing plot_model()
2020-09-16 14:50:46,744:INFO:plot_model(estimator=LGBMClassifier(boosting_type='gbdt', class_weight=None, colsample_bytree=1.0,
               importance_type='split', learning_rate=0.3, max_depth=90,
               min_child_samples=20, min_child_weight=0.001, min_split_gain=0.9,
               n_estimators=200, n_jobs=-1, num_leaves=150, objective=None,
               random_state=4251, reg_alpha=0.1, reg_lambda=0.8, silent=True,
               subsample=1.0, subsample_for_bin=200000, subsample_freq=0), plot=learning, save=False, verbose=True, system=True)
2020-09-16 14:50:46,744:INFO:Checking exceptions
2020-09-16 14:50:46,745:INFO:Preloading libraries
2020-09-16 14:50:46,745:INFO:Preparing display monitor
2020-09-16 14:50:46,751:INFO:Importing libraries
2020-09-16 14:50:46,752:INFO:plot type: learning
2020-09-16 14:50:46,753:INFO:Copying training dataset
2020-09-16 14:50:46,795:INFO:Fitting Model
2020-09-16 14:50:47,547:INFO:Visual Rendered Successfully
2020-09-16 14:50:47,547:INFO:plot_model() succesfully completed......................................
2020-09-16 14:51:54,975:INFO:Initializing plot_model()
2020-09-16 14:51:54,976:INFO:plot_model(estimator=LGBMClassifier(boosting_type='gbdt', class_weight=None, colsample_bytree=1.0,
               importance_type='split', learning_rate=0.3, max_depth=90,
               min_child_samples=20, min_child_weight=0.001, min_split_gain=0.9,
               n_estimators=200, n_jobs=-1, num_leaves=150, objective=None,
               random_state=4251, reg_alpha=0.1, reg_lambda=0.8, silent=True,
               subsample=1.0, subsample_for_bin=200000, subsample_freq=0), plot=auc, save=False, verbose=True, system=True)
2020-09-16 14:51:54,976:INFO:Checking exceptions
2020-09-16 14:51:54,978:INFO:Preloading libraries
2020-09-16 14:51:54,978:INFO:Preparing display monitor
2020-09-16 14:51:54,987:INFO:Importing libraries
2020-09-16 14:51:54,988:INFO:plot type: auc
2020-09-16 14:51:54,988:INFO:Copying training dataset
2020-09-16 14:51:55,009:INFO:Fitting Model
2020-09-16 14:51:55,011:INFO:Scoring test/hold-out set
2020-09-16 14:51:55,376:INFO:Visual Rendered Successfully
2020-09-16 14:51:55,376:INFO:plot_model() succesfully completed......................................
2020-09-16 14:52:52,280:INFO:Initializing plot_model()
2020-09-16 14:52:52,281:INFO:plot_model(estimator=LGBMClassifier(boosting_type='gbdt', class_weight=None, colsample_bytree=1.0,
               importance_type='split', learning_rate=0.3, max_depth=90,
               min_child_samples=20, min_child_weight=0.001, min_split_gain=0.9,
               n_estimators=200, n_jobs=-1, num_leaves=150, objective=None,
               random_state=4251, reg_alpha=0.1, reg_lambda=0.8, silent=True,
               subsample=1.0, subsample_for_bin=200000, subsample_freq=0), plot=comfusion_matrix, save=False, verbose=True, system=True)
2020-09-16 14:52:52,281:INFO:Checking exceptions
2020-09-16 14:53:04,854:INFO:Initializing plot_model()
2020-09-16 14:53:04,855:INFO:plot_model(estimator=LGBMClassifier(boosting_type='gbdt', class_weight=None, colsample_bytree=1.0,
               importance_type='split', learning_rate=0.3, max_depth=90,
               min_child_samples=20, min_child_weight=0.001, min_split_gain=0.9,
               n_estimators=200, n_jobs=-1, num_leaves=150, objective=None,
               random_state=4251, reg_alpha=0.1, reg_lambda=0.8, silent=True,
               subsample=1.0, subsample_for_bin=200000, subsample_freq=0), plot=confusion_matrix, save=False, verbose=True, system=True)
2020-09-16 14:53:04,855:INFO:Checking exceptions
2020-09-16 14:53:04,856:INFO:Preloading libraries
2020-09-16 14:53:04,856:INFO:Preparing display monitor
2020-09-16 14:53:04,865:INFO:Importing libraries
2020-09-16 14:53:04,866:INFO:plot type: confusion_matrix
2020-09-16 14:53:04,866:INFO:Copying training dataset
2020-09-16 14:53:04,882:INFO:Fitting Model
2020-09-16 14:53:04,883:INFO:Scoring test/hold-out set
2020-09-16 14:53:05,073:INFO:Visual Rendered Successfully
2020-09-16 14:53:05,073:INFO:plot_model() succesfully completed......................................
2020-09-16 14:53:41,903:INFO:Initializing plot_model()
2020-09-16 14:53:41,903:INFO:plot_model(estimator=LGBMClassifier(boosting_type='gbdt', class_weight=None, colsample_bytree=1.0,
               importance_type='split', learning_rate=0.3, max_depth=90,
               min_child_samples=20, min_child_weight=0.001, min_split_gain=0.9,
               n_estimators=200, n_jobs=-1, num_leaves=150, objective=None,
               random_state=4251, reg_alpha=0.1, reg_lambda=0.8, silent=True,
               subsample=1.0, subsample_for_bin=200000, subsample_freq=0), plot=feature, save=False, verbose=True, system=True)
2020-09-16 14:53:41,904:INFO:Checking exceptions
2020-09-16 14:53:41,905:INFO:Preloading libraries
2020-09-16 14:53:41,905:INFO:Preparing display monitor
2020-09-16 14:53:41,912:INFO:Importing libraries
2020-09-16 14:53:41,912:INFO:plot type: feature
2020-09-16 14:53:41,913:INFO:Copying training dataset
2020-09-16 14:53:41,913:WARNING:No coef_ found. Trying feature_importances_
2020-09-16 14:53:42,263:INFO:Visual Rendered Successfully
2020-09-16 14:53:42,264:INFO:plot_model() succesfully completed......................................
2020-09-16 14:54:44,255:INFO:Initializing interpret_model()
2020-09-16 14:54:44,256:INFO:interpret_model(estimator=LGBMClassifier(boosting_type='gbdt', class_weight=None, colsample_bytree=1.0,
               importance_type='split', learning_rate=0.3, max_depth=90,
               min_child_samples=20, min_child_weight=0.001, min_split_gain=0.9,
               n_estimators=200, n_jobs=-1, num_leaves=150, objective=None,
               random_state=4251, reg_alpha=0.1, reg_lambda=0.8, silent=True,
               subsample=1.0, subsample_for_bin=200000, subsample_freq=0), plot=summary, feature=None, observation=None)
2020-09-16 14:54:44,256:INFO:Checking exceptions
2020-09-16 14:54:44,330:INFO:Importing libraries
2020-09-16 14:54:44,330:INFO:plot type: summary
2020-09-16 14:54:44,330:INFO:model type detected: type 1
2020-09-16 14:54:44,330:INFO:Creating TreeExplainer
2020-09-16 14:54:44,354:INFO:Compiling shap values
2020-09-16 14:54:44,853:INFO:Visual Rendered Successfully
2020-09-16 14:54:44,854:INFO:interpret_model() succesfully completed......................................
