2020-09-15 22:35:48,232:INFO:PyCaret Classification Module
2020-09-15 22:35:48,233:INFO:version 2.1.2
2020-09-15 22:35:48,233:INFO:Initializing setup()
2020-09-15 22:35:48,233:INFO:USI: 926d
2020-09-15 22:35:48,233:INFO:setup(data=(284807, 31), target=Class, train_size=0.7, sampling=True, sample_estimator=None, categorical_features=None, categorical_imputation=constant, ordinal_features=None,
                    high_cardinality_features=None, high_cardinality_method=frequency, numeric_features=None, numeric_imputation=mean, date_features=None, ignore_features=None, normalize=False,
                    normalize_method=zscore, transformation=False, transformation_method=yeo-johnson, handle_unknown_categorical=True, unknown_categorical_method=least_frequent, pca=False, pca_method=linear,
                    pca_components=None, ignore_low_variance=False, combine_rare_levels=False, rare_level_threshold=0.1, bin_numeric_features=None, remove_outliers=False, outliers_threshold=0.05,
                    remove_multicollinearity=False, multicollinearity_threshold=0.9, remove_perfect_collinearity=False, create_clusters=False, cluster_iter=20,
                    polynomial_features=False, polynomial_degree=2, trigonometry_features=False, polynomial_threshold=0.1, group_features=None,
                    group_names=None, feature_selection=False, feature_selection_threshold=0.8, feature_interaction=False, feature_ratio=False, interaction_threshold=0.01,
                    fix_imbalance=False, fix_imbalance_method=None, data_split_shuffle=True, folds_shuffle=False, n_jobs=-1, html=True, session_id=None, log_experiment=False,
                    experiment_name=None, log_plots=False, log_profile=False, log_data=False, silent=False, verbose=True, profile=False)
2020-09-15 22:35:48,233:INFO:Checking environment
2020-09-15 22:35:48,233:INFO:python_version: 3.8.3
2020-09-15 22:35:48,233:INFO:python_build: ('default', 'Jul  2 2020 17:30:36')
2020-09-15 22:35:48,233:INFO:machine: AMD64
2020-09-15 22:35:48,234:INFO:platform: Windows-10-10.0.18362-SP0
2020-09-15 22:35:48,416:INFO:Memory: svmem(total=17095249920, available=6783787008, percent=60.3, used=10311462912, free=6783787008)
2020-09-15 22:35:48,417:INFO:Physical Core: 6
2020-09-15 22:35:48,417:INFO:Logical Core: 12
2020-09-15 22:35:48,417:INFO:Checking libraries
2020-09-15 22:35:48,417:INFO:pd==1.0.5
2020-09-15 22:35:48,417:INFO:numpy==1.18.5
2020-09-15 22:36:00,442:INFO:sklearn==0.23.1
2020-09-15 22:36:06,103:INFO:xgboost==1.2.0
2020-09-15 22:36:07,785:INFO:lightgbm==3.0.0
2020-09-15 22:36:09,676:INFO:catboost==0.24.1
2020-09-15 22:36:12,044:INFO:mlflow==1.11.0
2020-09-15 22:36:12,044:INFO:Checking Exceptions
2020-09-15 22:36:12,045:INFO:Preloading libraries
2020-09-15 22:36:12,045:INFO:Preparing display monitor
2020-09-15 22:36:12,057:INFO:Importing libraries
2020-09-15 22:36:19,526:INFO:Declaring global variables
2020-09-15 22:36:19,526:INFO:Copying data for preprocessing
2020-09-15 22:36:19,576:INFO:Declaring preprocessing parameters
2020-09-15 22:36:19,576:INFO:Importing preprocessing module
2020-09-15 22:36:27,049:INFO:Creating preprocessing pipeline
2020-09-15 22:38:03,473:INFO:Preprocessing pipeline created successfully
2020-09-15 22:38:03,473:INFO:Creating grid variables
2020-09-15 22:38:03,505:INFO:Creating global containers
2020-09-15 22:38:03,545:INFO:Sampling dataset
2020-09-15 22:38:11,582:INFO:PyCaret Classification Module
2020-09-15 22:38:11,582:INFO:version 2.1.2
2020-09-15 22:38:11,582:INFO:Initializing setup()
2020-09-15 22:38:11,582:INFO:USI: 1c59
2020-09-15 22:38:11,582:INFO:setup(data=(284807, 31), target=Class, train_size=0.7, sampling=True, sample_estimator=None, categorical_features=None, categorical_imputation=constant, ordinal_features=None,
                    high_cardinality_features=None, high_cardinality_method=frequency, numeric_features=None, numeric_imputation=mean, date_features=None, ignore_features=None, normalize=False,
                    normalize_method=zscore, transformation=False, transformation_method=yeo-johnson, handle_unknown_categorical=True, unknown_categorical_method=least_frequent, pca=False, pca_method=linear,
                    pca_components=None, ignore_low_variance=False, combine_rare_levels=False, rare_level_threshold=0.1, bin_numeric_features=None, remove_outliers=False, outliers_threshold=0.05,
                    remove_multicollinearity=False, multicollinearity_threshold=0.9, remove_perfect_collinearity=False, create_clusters=False, cluster_iter=20,
                    polynomial_features=False, polynomial_degree=2, trigonometry_features=False, polynomial_threshold=0.1, group_features=None,
                    group_names=None, feature_selection=False, feature_selection_threshold=0.8, feature_interaction=False, feature_ratio=False, interaction_threshold=0.01,
                    fix_imbalance=False, fix_imbalance_method=None, data_split_shuffle=True, folds_shuffle=False, n_jobs=-1, html=True, session_id=None, log_experiment=False,
                    experiment_name=None, log_plots=False, log_profile=False, log_data=False, silent=False, verbose=True, profile=False)
2020-09-15 22:38:11,583:INFO:Checking environment
2020-09-15 22:38:11,583:INFO:python_version: 3.8.3
2020-09-15 22:38:11,583:INFO:python_build: ('default', 'Jul  2 2020 17:30:36')
2020-09-15 22:38:11,583:INFO:machine: AMD64
2020-09-15 22:38:11,583:INFO:platform: Windows-10-10.0.18362-SP0
2020-09-15 22:38:11,583:INFO:Memory: svmem(total=17095249920, available=5788438528, percent=66.1, used=11306811392, free=5788438528)
2020-09-15 22:38:11,583:INFO:Physical Core: 6
2020-09-15 22:38:11,583:INFO:Logical Core: 12
2020-09-15 22:38:11,583:INFO:Checking libraries
2020-09-15 22:38:11,583:INFO:pd==1.0.5
2020-09-15 22:38:11,583:INFO:numpy==1.18.5
2020-09-15 22:38:11,583:INFO:sklearn==0.23.1
2020-09-15 22:38:11,583:INFO:xgboost==1.2.0
2020-09-15 22:38:11,583:INFO:lightgbm==3.0.0
2020-09-15 22:38:11,583:INFO:catboost==0.24.1
2020-09-15 22:38:11,583:INFO:mlflow==1.11.0
2020-09-15 22:38:11,583:INFO:Checking Exceptions
2020-09-15 22:38:11,584:INFO:Preloading libraries
2020-09-15 22:38:11,584:INFO:Preparing display monitor
2020-09-15 22:38:11,597:INFO:Importing libraries
2020-09-15 22:38:11,603:INFO:Declaring global variables
2020-09-15 22:38:11,603:INFO:Copying data for preprocessing
2020-09-15 22:38:11,651:INFO:Declaring preprocessing parameters
2020-09-15 22:38:11,651:INFO:Importing preprocessing module
2020-09-15 22:38:11,651:INFO:Creating preprocessing pipeline
2020-09-15 22:40:38,024:INFO:PyCaret Classification Module
2020-09-15 22:40:38,024:INFO:version 2.1.2
2020-09-15 22:40:38,024:INFO:Initializing setup()
2020-09-15 22:40:38,024:INFO:USI: 8895
2020-09-15 22:40:38,024:INFO:setup(data=(284807, 31), target=Class, train_size=0.7, sampling=True, sample_estimator=None, categorical_features=None, categorical_imputation=constant, ordinal_features=None,
                    high_cardinality_features=None, high_cardinality_method=frequency, numeric_features=None, numeric_imputation=mean, date_features=None, ignore_features=None, normalize=False,
                    normalize_method=zscore, transformation=False, transformation_method=yeo-johnson, handle_unknown_categorical=True, unknown_categorical_method=least_frequent, pca=False, pca_method=linear,
                    pca_components=None, ignore_low_variance=False, combine_rare_levels=False, rare_level_threshold=0.1, bin_numeric_features=None, remove_outliers=False, outliers_threshold=0.05,
                    remove_multicollinearity=False, multicollinearity_threshold=0.9, remove_perfect_collinearity=False, create_clusters=False, cluster_iter=20,
                    polynomial_features=False, polynomial_degree=2, trigonometry_features=False, polynomial_threshold=0.1, group_features=None,
                    group_names=None, feature_selection=False, feature_selection_threshold=0.8, feature_interaction=False, feature_ratio=False, interaction_threshold=0.01,
                    fix_imbalance=False, fix_imbalance_method=None, data_split_shuffle=True, folds_shuffle=False, n_jobs=-1, html=True, session_id=None, log_experiment=False,
                    experiment_name=None, log_plots=False, log_profile=False, log_data=False, silent=False, verbose=True, profile=False)
2020-09-15 22:40:38,025:INFO:Checking environment
2020-09-15 22:40:38,025:INFO:python_version: 3.8.3
2020-09-15 22:40:38,025:INFO:python_build: ('default', 'Jul  2 2020 17:30:36')
2020-09-15 22:40:38,025:INFO:machine: AMD64
2020-09-15 22:40:38,025:INFO:platform: Windows-10-10.0.18362-SP0
2020-09-15 22:40:38,042:INFO:Memory: svmem(total=17095249920, available=6882390016, percent=59.7, used=10212859904, free=6882390016)
2020-09-15 22:40:38,042:INFO:Physical Core: 6
2020-09-15 22:40:38,042:INFO:Logical Core: 12
2020-09-15 22:40:38,043:INFO:Checking libraries
2020-09-15 22:40:38,043:INFO:pd==1.0.5
2020-09-15 22:40:38,043:INFO:numpy==1.18.5
2020-09-15 22:40:38,446:INFO:sklearn==0.23.1
2020-09-15 22:40:38,942:INFO:xgboost==1.2.0
2020-09-15 22:40:39,021:INFO:lightgbm==3.0.0
2020-09-15 22:40:39,060:INFO:catboost==0.24.1
2020-09-15 22:40:40,191:INFO:mlflow==1.11.0
2020-09-15 22:40:40,191:INFO:Checking Exceptions
2020-09-15 22:40:40,191:INFO:Preloading libraries
2020-09-15 22:40:40,191:INFO:Preparing display monitor
2020-09-15 22:40:40,204:INFO:Importing libraries
2020-09-15 22:40:40,964:INFO:Declaring global variables
2020-09-15 22:40:40,964:INFO:Copying data for preprocessing
2020-09-15 22:40:41,001:INFO:Declaring preprocessing parameters
2020-09-15 22:40:41,001:INFO:Importing preprocessing module
2020-09-15 22:40:41,455:INFO:Creating preprocessing pipeline
2020-09-15 22:40:51,942:INFO:Preprocessing pipeline created successfully
2020-09-15 22:40:51,942:INFO:Creating grid variables
2020-09-15 22:40:51,981:INFO:Creating global containers
2020-09-15 22:40:52,027:INFO:Sampling dataset
2020-09-15 22:41:12,566:INFO:create_model_container 0
2020-09-15 22:41:12,566:INFO:master_model_container 0
2020-09-15 22:41:12,566:INFO:display_container 0
2020-09-15 22:41:12,571:INFO:Pipeline(memory=None,
         steps=[('dtypes',
                 DataTypes_Auto_infer(categorical_features=[],
                                      display_types=True, features_todrop=[],
                                      ml_usecase='classification',
                                      numerical_features=[], target='Class',
                                      time_features=[])),
                ('imputer',
                 Simple_Imputer(categorical_strategy='not_available',
                                numeric_strategy='mean',
                                target_variable=None)),
                ('new_levels1',
                 New_Catagorical_Leve...
                ('group', Empty()), ('nonliner', Empty()), ('scaling', Empty()),
                ('P_transform', Empty()), ('pt_target', Empty()),
                ('binn', Empty()), ('rem_outliers', Empty()),
                ('cluster_all', Empty()), ('dummy', Dummify(target='Class')),
                ('fix_perfect', Empty()), ('clean_names', Clean_Colum_Names()),
                ('feature_select', Empty()), ('fix_multi', Empty()),
                ('dfs', Empty()), ('pca', Empty())],
         verbose=False)
2020-09-15 22:41:12,571:INFO:setup() succesfully completed......................................
2020-09-15 22:43:07,020:INFO:Initializing compare_models()
2020-09-15 22:43:07,021:INFO:compare_models(exclude=None, include=None, fold=10, round=4, sort=Accuracy, n_select=1, turbo=True, verbose=True)
2020-09-15 22:43:07,021:INFO:Checking exceptions
2020-09-15 22:43:07,028:INFO:Preloading libraries
2020-09-15 22:43:07,029:INFO:Preparing display monitor
2020-09-15 22:43:07,050:INFO:Copying training dataset
2020-09-15 22:43:07,051:INFO:Importing libraries
2020-09-15 22:43:07,077:INFO:Importing untrained models
2020-09-15 22:43:07,077:INFO:Import successful
2020-09-15 22:43:07,083:INFO:Defining folds
2020-09-15 22:43:07,083:INFO:Declaring metric variables
2020-09-15 22:43:07,083:INFO:Initializing Logistic Regression
2020-09-15 22:43:07,105:INFO:Initializing Fold 1
2020-09-15 22:43:07,106:INFO:Total runtime is 0.0003802816073099772 minutes
2020-09-15 22:43:07,143:INFO:Fitting Model
2020-09-15 22:43:09,524:INFO:Evaluating Metrics
2020-09-15 22:43:09,567:INFO:Compiling Metrics
2020-09-15 22:43:09,632:INFO:Initializing Fold 2
2020-09-15 22:43:09,634:INFO:Total runtime is 0.04250717957814534 minutes
2020-09-15 22:43:09,694:INFO:Fitting Model
2020-09-15 22:43:12,300:INFO:Evaluating Metrics
2020-09-15 22:43:12,335:INFO:Compiling Metrics
2020-09-15 22:43:12,381:INFO:Initializing Fold 3
2020-09-15 22:43:12,382:INFO:Total runtime is 0.08831271727879841 minutes
2020-09-15 22:43:12,437:INFO:Fitting Model
2020-09-15 22:43:15,108:INFO:Evaluating Metrics
2020-09-15 22:43:15,150:INFO:Compiling Metrics
2020-09-15 22:43:15,200:INFO:Initializing Fold 4
2020-09-15 22:43:15,201:INFO:Total runtime is 0.13529212872187296 minutes
2020-09-15 22:43:15,251:INFO:Fitting Model
2020-09-15 22:43:17,946:INFO:Evaluating Metrics
2020-09-15 22:43:17,981:INFO:Compiling Metrics
2020-09-15 22:43:18,021:INFO:Initializing Fold 5
2020-09-15 22:43:18,022:INFO:Total runtime is 0.18232115109761554 minutes
2020-09-15 22:43:18,076:INFO:Fitting Model
2020-09-15 22:43:20,699:INFO:Evaluating Metrics
2020-09-15 22:43:20,754:INFO:Compiling Metrics
2020-09-15 22:43:20,810:INFO:Initializing Fold 6
2020-09-15 22:43:20,811:INFO:Total runtime is 0.22879631519317625 minutes
2020-09-15 22:43:20,891:INFO:Fitting Model
2020-09-15 22:43:23,637:INFO:Evaluating Metrics
2020-09-15 22:43:23,676:INFO:Compiling Metrics
2020-09-15 22:43:23,719:INFO:Initializing Fold 7
2020-09-15 22:43:23,720:INFO:Total runtime is 0.27728027900060015 minutes
2020-09-15 22:43:23,775:INFO:Fitting Model
2020-09-15 22:43:26,546:INFO:Evaluating Metrics
2020-09-15 22:43:26,587:INFO:Compiling Metrics
2020-09-15 22:43:26,633:INFO:Initializing Fold 8
2020-09-15 22:43:26,633:INFO:Total runtime is 0.32583862145741777 minutes
2020-09-15 22:43:26,686:INFO:Fitting Model
2020-09-15 22:43:29,364:INFO:Evaluating Metrics
2020-09-15 22:43:29,393:INFO:Compiling Metrics
2020-09-15 22:43:29,430:INFO:Initializing Fold 9
2020-09-15 22:43:29,431:INFO:Total runtime is 0.3724709033966064 minutes
2020-09-15 22:43:29,484:INFO:Fitting Model
2020-09-15 22:43:32,070:INFO:Evaluating Metrics
2020-09-15 22:43:32,108:INFO:Compiling Metrics
2020-09-15 22:43:32,156:INFO:Initializing Fold 10
2020-09-15 22:43:32,157:INFO:Total runtime is 0.4178961435953775 minutes
2020-09-15 22:43:32,219:INFO:Fitting Model
2020-09-15 22:43:34,833:INFO:Evaluating Metrics
2020-09-15 22:43:34,867:INFO:Compiling Metrics
2020-09-15 22:43:34,920:INFO:Calculating mean and std
2020-09-15 22:43:34,920:INFO:Creating metrics dataframe
2020-09-15 22:43:34,971:INFO:Initializing K Neighbors Classifier
2020-09-15 22:43:35,001:INFO:Initializing Fold 1
2020-09-15 22:43:35,002:INFO:Total runtime is 0.46531368494033803 minutes
2020-09-15 22:43:35,062:INFO:Fitting Model
2020-09-15 22:43:37,694:INFO:Evaluating Metrics
2020-09-15 22:43:38,361:INFO:Compiling Metrics
2020-09-15 22:43:38,389:INFO:Initializing Fold 2
2020-09-15 22:43:38,390:INFO:Total runtime is 0.5217797835667927 minutes
2020-09-15 22:43:38,430:INFO:Fitting Model
2020-09-15 22:43:40,814:INFO:Evaluating Metrics
2020-09-15 22:43:41,476:INFO:Compiling Metrics
2020-09-15 22:43:41,506:INFO:Initializing Fold 3
2020-09-15 22:43:41,506:INFO:Total runtime is 0.5737192074457803 minutes
2020-09-15 22:43:41,543:INFO:Fitting Model
2020-09-15 22:43:44,011:INFO:Evaluating Metrics
2020-09-15 22:43:44,693:INFO:Compiling Metrics
2020-09-15 22:43:44,724:INFO:Initializing Fold 4
2020-09-15 22:43:44,725:INFO:Total runtime is 0.6273615916570027 minutes
2020-09-15 22:43:44,760:INFO:Fitting Model
2020-09-15 22:43:47,323:INFO:Evaluating Metrics
2020-09-15 22:43:47,941:INFO:Compiling Metrics
2020-09-15 22:43:47,970:INFO:Initializing Fold 5
2020-09-15 22:43:47,971:INFO:Total runtime is 0.6814591089884439 minutes
2020-09-15 22:43:48,007:INFO:Fitting Model
2020-09-15 22:43:50,598:INFO:Evaluating Metrics
2020-09-15 22:43:51,287:INFO:Compiling Metrics
2020-09-15 22:43:51,320:INFO:Initializing Fold 6
2020-09-15 22:43:51,321:INFO:Total runtime is 0.7373005032539366 minutes
2020-09-15 22:43:51,382:INFO:Fitting Model
2020-09-15 22:43:53,768:INFO:Evaluating Metrics
2020-09-15 22:43:54,414:INFO:Compiling Metrics
2020-09-15 22:43:54,442:INFO:Initializing Fold 7
2020-09-15 22:43:54,443:INFO:Total runtime is 0.7893312652905781 minutes
2020-09-15 22:43:54,477:INFO:Fitting Model
2020-09-15 22:43:56,998:INFO:Evaluating Metrics
2020-09-15 22:43:57,679:INFO:Compiling Metrics
2020-09-15 22:43:57,708:INFO:Initializing Fold 8
2020-09-15 22:43:57,708:INFO:Total runtime is 0.8437502543131509 minutes
2020-09-15 22:43:57,745:INFO:Fitting Model
2020-09-15 22:44:00,390:INFO:Evaluating Metrics
2020-09-15 22:44:01,016:INFO:Compiling Metrics
2020-09-15 22:44:01,044:INFO:Initializing Fold 9
2020-09-15 22:44:01,045:INFO:Total runtime is 0.8993628780047097 minutes
2020-09-15 22:44:01,081:INFO:Fitting Model
2020-09-15 22:44:03,792:INFO:Evaluating Metrics
2020-09-15 22:44:04,463:INFO:Compiling Metrics
2020-09-15 22:44:04,493:INFO:Initializing Fold 10
2020-09-15 22:44:04,494:INFO:Total runtime is 0.9568479379018147 minutes
2020-09-15 22:44:04,544:INFO:Fitting Model
2020-09-15 22:44:07,046:INFO:Evaluating Metrics
2020-09-15 22:44:07,735:INFO:Compiling Metrics
2020-09-15 22:44:07,764:INFO:Calculating mean and std
2020-09-15 22:44:07,765:INFO:Creating metrics dataframe
2020-09-15 22:44:07,775:INFO:Initializing Naive Bayes
2020-09-15 22:44:07,796:INFO:Initializing Fold 1
2020-09-15 22:44:07,797:INFO:Total runtime is 1.0118967016537983 minutes
2020-09-15 22:44:07,833:INFO:Fitting Model
2020-09-15 22:44:07,956:INFO:Evaluating Metrics
2020-09-15 22:44:08,012:INFO:Compiling Metrics
2020-09-15 22:44:08,040:INFO:Initializing Fold 2
2020-09-15 22:44:08,041:INFO:Total runtime is 1.0159638961156208 minutes
2020-09-15 22:44:08,081:INFO:Fitting Model
2020-09-15 22:44:08,214:INFO:Evaluating Metrics
2020-09-15 22:44:08,274:INFO:Compiling Metrics
2020-09-15 22:44:08,302:INFO:Initializing Fold 3
2020-09-15 22:44:08,303:INFO:Total runtime is 1.0203287084897357 minutes
2020-09-15 22:44:08,345:INFO:Fitting Model
2020-09-15 22:44:08,471:INFO:Evaluating Metrics
2020-09-15 22:44:08,527:INFO:Compiling Metrics
2020-09-15 22:44:08,555:INFO:Initializing Fold 4
2020-09-15 22:44:08,555:INFO:Total runtime is 1.0245364189147947 minutes
2020-09-15 22:44:08,595:INFO:Fitting Model
2020-09-15 22:44:08,756:INFO:Evaluating Metrics
2020-09-15 22:44:08,821:INFO:Compiling Metrics
2020-09-15 22:44:08,852:INFO:Initializing Fold 5
2020-09-15 22:44:08,852:INFO:Total runtime is 1.029488174120585 minutes
2020-09-15 22:44:08,905:INFO:Fitting Model
2020-09-15 22:44:09,061:INFO:Evaluating Metrics
2020-09-15 22:44:09,124:INFO:Compiling Metrics
2020-09-15 22:44:09,153:INFO:Initializing Fold 6
2020-09-15 22:44:09,154:INFO:Total runtime is 1.03451429605484 minutes
2020-09-15 22:44:09,196:INFO:Fitting Model
2020-09-15 22:44:09,327:INFO:Evaluating Metrics
2020-09-15 22:44:09,390:INFO:Compiling Metrics
2020-09-15 22:44:09,421:INFO:Initializing Fold 7
2020-09-15 22:44:09,422:INFO:Total runtime is 1.038986551761627 minutes
2020-09-15 22:44:09,464:INFO:Fitting Model
2020-09-15 22:44:09,594:INFO:Evaluating Metrics
2020-09-15 22:44:09,654:INFO:Compiling Metrics
2020-09-15 22:44:09,683:INFO:Initializing Fold 8
2020-09-15 22:44:09,684:INFO:Total runtime is 1.0433430631955463 minutes
2020-09-15 22:44:09,732:INFO:Fitting Model
2020-09-15 22:44:09,858:INFO:Evaluating Metrics
2020-09-15 22:44:09,913:INFO:Compiling Metrics
2020-09-15 22:44:09,941:INFO:Initializing Fold 9
2020-09-15 22:44:09,942:INFO:Total runtime is 1.0476417342821756 minutes
2020-09-15 22:44:09,982:INFO:Fitting Model
2020-09-15 22:44:10,107:INFO:Evaluating Metrics
2020-09-15 22:44:10,176:INFO:Compiling Metrics
2020-09-15 22:44:10,212:INFO:Initializing Fold 10
2020-09-15 22:44:10,213:INFO:Total runtime is 1.0521718581517536 minutes
2020-09-15 22:44:10,273:INFO:Fitting Model
2020-09-15 22:44:10,436:INFO:Evaluating Metrics
2020-09-15 22:44:10,502:INFO:Compiling Metrics
2020-09-15 22:44:10,531:INFO:Calculating mean and std
2020-09-15 22:44:10,532:INFO:Creating metrics dataframe
2020-09-15 22:44:10,543:INFO:Initializing Decision Tree Classifier
2020-09-15 22:44:10,570:INFO:Initializing Fold 1
2020-09-15 22:44:10,571:INFO:Total runtime is 1.0581238667170205 minutes
2020-09-15 22:44:10,621:INFO:Fitting Model
2020-09-15 22:44:21,670:INFO:Evaluating Metrics
2020-09-15 22:44:21,700:INFO:Compiling Metrics
2020-09-15 22:44:21,729:INFO:Initializing Fold 2
2020-09-15 22:44:21,730:INFO:Total runtime is 1.2441071430842081 minutes
2020-09-15 22:44:21,776:INFO:Fitting Model
2020-09-15 22:44:34,684:INFO:Evaluating Metrics
2020-09-15 22:44:34,714:INFO:Compiling Metrics
2020-09-15 22:44:34,742:INFO:Initializing Fold 3
2020-09-15 22:44:34,743:INFO:Total runtime is 1.4609911958376567 minutes
2020-09-15 22:44:34,786:INFO:Fitting Model
2020-09-15 22:44:47,477:INFO:Evaluating Metrics
2020-09-15 22:44:47,507:INFO:Compiling Metrics
2020-09-15 22:44:47,534:INFO:Initializing Fold 4
2020-09-15 22:44:47,535:INFO:Total runtime is 1.6741966009140015 minutes
2020-09-15 22:44:47,589:INFO:Fitting Model
2020-09-15 22:44:58,692:INFO:Evaluating Metrics
2020-09-15 22:44:58,722:INFO:Compiling Metrics
2020-09-15 22:44:58,750:INFO:Initializing Fold 5
2020-09-15 22:44:58,751:INFO:Total runtime is 1.8611305514971415 minutes
2020-09-15 22:44:58,790:INFO:Fitting Model
2020-09-15 22:45:13,910:INFO:Evaluating Metrics
2020-09-15 22:45:13,943:INFO:Compiling Metrics
2020-09-15 22:45:13,974:INFO:Initializing Fold 6
2020-09-15 22:45:13,975:INFO:Total runtime is 2.114859199523926 minutes
2020-09-15 22:45:14,028:INFO:Fitting Model
2020-09-15 22:45:24,719:INFO:Evaluating Metrics
2020-09-15 22:45:24,759:INFO:Compiling Metrics
2020-09-15 22:45:24,802:INFO:Initializing Fold 7
2020-09-15 22:45:24,803:INFO:Total runtime is 2.2953368147214253 minutes
2020-09-15 22:45:24,854:INFO:Fitting Model
2020-09-15 22:45:38,590:INFO:Evaluating Metrics
2020-09-15 22:45:38,626:INFO:Compiling Metrics
2020-09-15 22:45:38,665:INFO:Initializing Fold 8
2020-09-15 22:45:38,665:INFO:Total runtime is 2.5263651172320047 minutes
2020-09-15 22:45:38,728:INFO:Fitting Model
2020-09-15 22:45:51,190:INFO:Evaluating Metrics
2020-09-15 22:45:51,221:INFO:Compiling Metrics
2020-09-15 22:45:51,249:INFO:Initializing Fold 9
2020-09-15 22:45:51,250:INFO:Total runtime is 2.736106781164805 minutes
2020-09-15 22:45:51,292:INFO:Fitting Model
2020-09-15 22:46:04,755:INFO:Evaluating Metrics
2020-09-15 22:46:04,785:INFO:Compiling Metrics
2020-09-15 22:46:04,814:INFO:Initializing Fold 10
2020-09-15 22:46:04,815:INFO:Total runtime is 2.962191633383433 minutes
2020-09-15 22:46:04,860:INFO:Fitting Model
2020-09-15 22:46:18,069:INFO:Evaluating Metrics
2020-09-15 22:46:18,103:INFO:Compiling Metrics
2020-09-15 22:46:18,135:INFO:Calculating mean and std
2020-09-15 22:46:18,136:INFO:Creating metrics dataframe
2020-09-15 22:46:18,147:INFO:Initializing SVM - Linear Kernel
2020-09-15 22:46:18,178:INFO:Initializing Fold 1
2020-09-15 22:46:18,179:INFO:Total runtime is 3.184928492705027 minutes
2020-09-15 22:46:18,241:INFO:Fitting Model
2020-09-15 22:46:25,026:INFO:Evaluating Metrics
2020-09-15 22:46:25,026:WARNING:model has no predict_proba attribute. pred_prob set to 0.00
2020-09-15 22:46:25,038:WARNING:model has no predict_proba attribute. AUC set to 0.00
2020-09-15 22:46:25,056:INFO:Compiling Metrics
2020-09-15 22:46:25,101:INFO:Initializing Fold 2
2020-09-15 22:46:25,102:INFO:Total runtime is 3.3003145337104796 minutes
2020-09-15 22:46:25,159:INFO:Fitting Model
2020-09-15 22:46:31,913:INFO:Evaluating Metrics
2020-09-15 22:46:31,913:WARNING:model has no predict_proba attribute. pred_prob set to 0.00
2020-09-15 22:46:31,923:WARNING:model has no predict_proba attribute. AUC set to 0.00
2020-09-15 22:46:31,942:INFO:Compiling Metrics
2020-09-15 22:46:31,977:INFO:Initializing Fold 3
2020-09-15 22:46:31,978:INFO:Total runtime is 3.4149069468180335 minutes
2020-09-15 22:46:32,036:INFO:Fitting Model
2020-09-15 22:46:38,573:INFO:Evaluating Metrics
2020-09-15 22:46:38,573:WARNING:model has no predict_proba attribute. pred_prob set to 0.00
2020-09-15 22:46:38,587:WARNING:model has no predict_proba attribute. AUC set to 0.00
2020-09-15 22:46:38,602:INFO:Compiling Metrics
2020-09-15 22:46:38,648:INFO:Initializing Fold 4
2020-09-15 22:46:38,649:INFO:Total runtime is 3.5261017759641007 minutes
2020-09-15 22:46:38,708:INFO:Fitting Model
2020-09-15 22:46:45,296:INFO:Evaluating Metrics
2020-09-15 22:46:45,296:WARNING:model has no predict_proba attribute. pred_prob set to 0.00
2020-09-15 22:46:45,308:WARNING:model has no predict_proba attribute. AUC set to 0.00
2020-09-15 22:46:45,321:INFO:Compiling Metrics
2020-09-15 22:46:45,354:INFO:Initializing Fold 5
2020-09-15 22:46:45,354:INFO:Total runtime is 3.637850455443064 minutes
2020-09-15 22:46:45,406:INFO:Fitting Model
2020-09-15 22:46:53,151:INFO:Evaluating Metrics
2020-09-15 22:46:53,151:WARNING:model has no predict_proba attribute. pred_prob set to 0.00
2020-09-15 22:46:53,164:WARNING:model has no predict_proba attribute. AUC set to 0.00
2020-09-15 22:46:53,182:INFO:Compiling Metrics
2020-09-15 22:46:53,231:INFO:Initializing Fold 6
2020-09-15 22:46:53,233:INFO:Total runtime is 3.769158085187276 minutes
2020-09-15 22:46:53,290:INFO:Fitting Model
2020-09-15 22:46:59,834:INFO:Evaluating Metrics
2020-09-15 22:46:59,834:WARNING:model has no predict_proba attribute. pred_prob set to 0.00
2020-09-15 22:46:59,845:WARNING:model has no predict_proba attribute. AUC set to 0.00
2020-09-15 22:46:59,857:INFO:Compiling Metrics
2020-09-15 22:46:59,902:INFO:Initializing Fold 7
2020-09-15 22:46:59,903:INFO:Total runtime is 3.8803281148274738 minutes
2020-09-15 22:46:59,952:INFO:Fitting Model
2020-09-15 22:47:05,310:INFO:Evaluating Metrics
2020-09-15 22:47:05,310:WARNING:model has no predict_proba attribute. pred_prob set to 0.00
2020-09-15 22:47:05,325:WARNING:model has no predict_proba attribute. AUC set to 0.00
2020-09-15 22:47:05,344:INFO:Compiling Metrics
2020-09-15 22:47:05,389:INFO:Initializing Fold 8
2020-09-15 22:47:05,390:INFO:Total runtime is 3.971773870786031 minutes
2020-09-15 22:47:05,454:INFO:Fitting Model
2020-09-15 22:47:10,062:INFO:Evaluating Metrics
2020-09-15 22:47:10,062:WARNING:model has no predict_proba attribute. pred_prob set to 0.00
2020-09-15 22:47:10,073:WARNING:model has no predict_proba attribute. AUC set to 0.00
2020-09-15 22:47:10,088:INFO:Compiling Metrics
2020-09-15 22:47:10,136:INFO:Initializing Fold 9
2020-09-15 22:47:10,136:INFO:Total runtime is 4.050885800520579 minutes
2020-09-15 22:47:10,185:INFO:Fitting Model
2020-09-15 22:47:15,262:INFO:Evaluating Metrics
2020-09-15 22:47:15,262:WARNING:model has no predict_proba attribute. pred_prob set to 0.00
2020-09-15 22:47:15,273:WARNING:model has no predict_proba attribute. AUC set to 0.00
2020-09-15 22:47:15,289:INFO:Compiling Metrics
2020-09-15 22:47:15,326:INFO:Initializing Fold 10
2020-09-15 22:47:15,327:INFO:Total runtime is 4.137404640515645 minutes
2020-09-15 22:47:15,375:INFO:Fitting Model
2020-09-15 22:47:22,311:INFO:Evaluating Metrics
2020-09-15 22:47:22,312:WARNING:model has no predict_proba attribute. pred_prob set to 0.00
2020-09-15 22:47:22,324:WARNING:model has no predict_proba attribute. AUC set to 0.00
2020-09-15 22:47:22,340:INFO:Compiling Metrics
2020-09-15 22:47:22,381:INFO:Calculating mean and std
2020-09-15 22:47:22,381:INFO:Creating metrics dataframe
2020-09-15 22:47:22,394:INFO:Initializing Ridge Classifier
2020-09-15 22:47:22,420:INFO:Initializing Fold 1
2020-09-15 22:47:22,421:INFO:Total runtime is 4.2556261340777075 minutes
2020-09-15 22:47:22,472:INFO:Fitting Model
2020-09-15 22:47:22,659:INFO:Evaluating Metrics
2020-09-15 22:47:22,660:WARNING:model has no predict_proba attribute. pred_prob set to 0.00
2020-09-15 22:47:22,672:WARNING:model has no predict_proba attribute. AUC set to 0.00
2020-09-15 22:47:22,692:INFO:Compiling Metrics
2020-09-15 22:47:22,738:INFO:Initializing Fold 2
2020-09-15 22:47:22,739:INFO:Total runtime is 4.260925054550171 minutes
2020-09-15 22:47:22,801:INFO:Fitting Model
2020-09-15 22:47:23,020:INFO:Evaluating Metrics
2020-09-15 22:47:23,020:WARNING:model has no predict_proba attribute. pred_prob set to 0.00
2020-09-15 22:47:23,036:WARNING:model has no predict_proba attribute. AUC set to 0.00
2020-09-15 22:47:23,052:INFO:Compiling Metrics
2020-09-15 22:47:23,110:INFO:Initializing Fold 3
2020-09-15 22:47:23,111:INFO:Total runtime is 4.267125062147776 minutes
2020-09-15 22:47:23,173:INFO:Fitting Model
2020-09-15 22:47:23,383:INFO:Evaluating Metrics
2020-09-15 22:47:23,383:WARNING:model has no predict_proba attribute. pred_prob set to 0.00
2020-09-15 22:47:23,396:WARNING:model has no predict_proba attribute. AUC set to 0.00
2020-09-15 22:47:23,412:INFO:Compiling Metrics
2020-09-15 22:47:23,461:INFO:Initializing Fold 4
2020-09-15 22:47:23,462:INFO:Total runtime is 4.2729861219724015 minutes
2020-09-15 22:47:23,516:INFO:Fitting Model
2020-09-15 22:47:23,690:INFO:Evaluating Metrics
2020-09-15 22:47:23,691:WARNING:model has no predict_proba attribute. pred_prob set to 0.00
2020-09-15 22:47:23,705:WARNING:model has no predict_proba attribute. AUC set to 0.00
2020-09-15 22:47:23,722:INFO:Compiling Metrics
2020-09-15 22:47:23,771:INFO:Initializing Fold 5
2020-09-15 22:47:23,772:INFO:Total runtime is 4.278144506613413 minutes
2020-09-15 22:47:23,822:INFO:Fitting Model
2020-09-15 22:47:23,998:INFO:Evaluating Metrics
2020-09-15 22:47:23,998:WARNING:model has no predict_proba attribute. pred_prob set to 0.00
2020-09-15 22:47:24,010:WARNING:model has no predict_proba attribute. AUC set to 0.00
2020-09-15 22:47:24,031:INFO:Compiling Metrics
2020-09-15 22:47:24,073:INFO:Initializing Fold 6
2020-09-15 22:47:24,074:INFO:Total runtime is 4.283187174797058 minutes
2020-09-15 22:47:24,121:INFO:Fitting Model
2020-09-15 22:47:24,303:INFO:Evaluating Metrics
2020-09-15 22:47:24,303:WARNING:model has no predict_proba attribute. pred_prob set to 0.00
2020-09-15 22:47:24,316:WARNING:model has no predict_proba attribute. AUC set to 0.00
2020-09-15 22:47:24,332:INFO:Compiling Metrics
2020-09-15 22:47:24,370:INFO:Initializing Fold 7
2020-09-15 22:47:24,371:INFO:Total runtime is 4.288138898213704 minutes
2020-09-15 22:47:24,435:INFO:Fitting Model
2020-09-15 22:47:24,652:INFO:Evaluating Metrics
2020-09-15 22:47:24,652:WARNING:model has no predict_proba attribute. pred_prob set to 0.00
2020-09-15 22:47:24,668:WARNING:model has no predict_proba attribute. AUC set to 0.00
2020-09-15 22:47:24,685:INFO:Compiling Metrics
2020-09-15 22:47:24,725:INFO:Initializing Fold 8
2020-09-15 22:47:24,726:INFO:Total runtime is 4.294049580891927 minutes
2020-09-15 22:47:24,788:INFO:Fitting Model
2020-09-15 22:47:24,968:INFO:Evaluating Metrics
2020-09-15 22:47:24,968:WARNING:model has no predict_proba attribute. pred_prob set to 0.00
2020-09-15 22:47:24,981:WARNING:model has no predict_proba attribute. AUC set to 0.00
2020-09-15 22:47:24,998:INFO:Compiling Metrics
2020-09-15 22:47:25,036:INFO:Initializing Fold 9
2020-09-15 22:47:25,037:INFO:Total runtime is 4.299224638938903 minutes
2020-09-15 22:47:25,088:INFO:Fitting Model
2020-09-15 22:47:25,263:INFO:Evaluating Metrics
2020-09-15 22:47:25,263:WARNING:model has no predict_proba attribute. pred_prob set to 0.00
2020-09-15 22:47:25,274:WARNING:model has no predict_proba attribute. AUC set to 0.00
2020-09-15 22:47:25,293:INFO:Compiling Metrics
2020-09-15 22:47:25,332:INFO:Initializing Fold 10
2020-09-15 22:47:25,333:INFO:Total runtime is 4.304159681002298 minutes
2020-09-15 22:47:25,385:INFO:Fitting Model
2020-09-15 22:47:25,562:INFO:Evaluating Metrics
2020-09-15 22:47:25,562:WARNING:model has no predict_proba attribute. pred_prob set to 0.00
2020-09-15 22:47:25,575:WARNING:model has no predict_proba attribute. AUC set to 0.00
2020-09-15 22:47:25,595:INFO:Compiling Metrics
2020-09-15 22:47:25,633:INFO:Calculating mean and std
2020-09-15 22:47:25,633:INFO:Creating metrics dataframe
2020-09-15 22:47:25,650:INFO:Initializing Random Forest Classifier
2020-09-15 22:47:25,671:INFO:Initializing Fold 1
2020-09-15 22:47:25,672:INFO:Total runtime is 4.309814071655273 minutes
2020-09-15 22:47:25,724:INFO:Fitting Model
2020-09-15 22:47:28,699:INFO:Evaluating Metrics
2020-09-15 22:47:28,748:INFO:Compiling Metrics
2020-09-15 22:47:28,777:INFO:Initializing Fold 2
2020-09-15 22:47:28,777:INFO:Total runtime is 4.361572941144307 minutes
2020-09-15 22:47:28,817:INFO:Fitting Model
2020-09-15 22:47:31,731:INFO:Evaluating Metrics
2020-09-15 22:47:31,780:INFO:Compiling Metrics
2020-09-15 22:47:31,810:INFO:Initializing Fold 3
2020-09-15 22:47:31,810:INFO:Total runtime is 4.412115697065989 minutes
2020-09-15 22:47:31,849:INFO:Fitting Model
2020-09-15 22:47:34,746:INFO:Evaluating Metrics
2020-09-15 22:47:34,810:INFO:Compiling Metrics
2020-09-15 22:47:34,847:INFO:Initializing Fold 4
2020-09-15 22:47:34,848:INFO:Total runtime is 4.462740731239319 minutes
2020-09-15 22:47:34,888:INFO:Fitting Model
2020-09-15 22:47:37,686:INFO:Evaluating Metrics
2020-09-15 22:47:37,746:INFO:Compiling Metrics
2020-09-15 22:47:37,778:INFO:Initializing Fold 5
2020-09-15 22:47:37,779:INFO:Total runtime is 4.5115966796875 minutes
2020-09-15 22:47:37,828:INFO:Fitting Model
2020-09-15 22:47:40,816:INFO:Evaluating Metrics
2020-09-15 22:47:40,866:INFO:Compiling Metrics
2020-09-15 22:47:40,906:INFO:Initializing Fold 6
2020-09-15 22:47:40,907:INFO:Total runtime is 4.5637344678243 minutes
2020-09-15 22:47:40,960:INFO:Fitting Model
2020-09-15 22:47:43,639:INFO:Evaluating Metrics
2020-09-15 22:47:43,690:INFO:Compiling Metrics
2020-09-15 22:47:43,724:INFO:Initializing Fold 7
2020-09-15 22:47:43,724:INFO:Total runtime is 4.610689071814219 minutes
2020-09-15 22:47:43,770:INFO:Fitting Model
2020-09-15 22:47:46,695:INFO:Evaluating Metrics
2020-09-15 22:47:46,751:INFO:Compiling Metrics
2020-09-15 22:47:46,779:INFO:Initializing Fold 8
2020-09-15 22:47:46,780:INFO:Total runtime is 4.661611723899841 minutes
2020-09-15 22:47:46,819:INFO:Fitting Model
2020-09-15 22:47:49,804:INFO:Evaluating Metrics
2020-09-15 22:47:49,859:INFO:Compiling Metrics
2020-09-15 22:47:49,890:INFO:Initializing Fold 9
2020-09-15 22:47:49,891:INFO:Total runtime is 4.713460183143615 minutes
2020-09-15 22:47:49,937:INFO:Fitting Model
2020-09-15 22:47:52,806:INFO:Evaluating Metrics
2020-09-15 22:47:52,860:INFO:Compiling Metrics
2020-09-15 22:47:52,892:INFO:Initializing Fold 10
2020-09-15 22:47:52,893:INFO:Total runtime is 4.76349112590154 minutes
2020-09-15 22:47:52,953:INFO:Fitting Model
2020-09-15 22:47:55,870:INFO:Evaluating Metrics
2020-09-15 22:47:55,922:INFO:Compiling Metrics
2020-09-15 22:47:55,953:INFO:Calculating mean and std
2020-09-15 22:47:55,953:INFO:Creating metrics dataframe
2020-09-15 22:47:55,965:INFO:Initializing Quadratic Discriminant Analysis
2020-09-15 22:47:55,991:INFO:Initializing Fold 1
2020-09-15 22:47:55,992:INFO:Total runtime is 4.815140950679779 minutes
2020-09-15 22:47:56,040:INFO:Fitting Model
2020-09-15 22:47:56,484:INFO:Evaluating Metrics
2020-09-15 22:47:56,584:INFO:Compiling Metrics
2020-09-15 22:47:56,633:INFO:Initializing Fold 2
2020-09-15 22:47:56,634:INFO:Total runtime is 4.825854500134786 minutes
2020-09-15 22:47:56,688:INFO:Fitting Model
2020-09-15 22:47:57,019:INFO:Evaluating Metrics
2020-09-15 22:47:57,098:INFO:Compiling Metrics
2020-09-15 22:47:57,139:INFO:Initializing Fold 3
2020-09-15 22:47:57,140:INFO:Total runtime is 4.834286495049795 minutes
2020-09-15 22:47:57,192:INFO:Fitting Model
2020-09-15 22:47:57,525:INFO:Evaluating Metrics
2020-09-15 22:47:57,604:INFO:Compiling Metrics
2020-09-15 22:47:57,649:INFO:Initializing Fold 4
2020-09-15 22:47:57,651:INFO:Total runtime is 4.842792884508769 minutes
2020-09-15 22:47:57,710:INFO:Fitting Model
2020-09-15 22:47:58,140:INFO:Evaluating Metrics
2020-09-15 22:47:58,235:INFO:Compiling Metrics
2020-09-15 22:47:58,290:INFO:Initializing Fold 5
2020-09-15 22:47:58,291:INFO:Total runtime is 4.8534651358922325 minutes
2020-09-15 22:47:58,348:INFO:Fitting Model
2020-09-15 22:47:58,680:INFO:Evaluating Metrics
2020-09-15 22:47:58,756:INFO:Compiling Metrics
2020-09-15 22:47:58,799:INFO:Initializing Fold 6
2020-09-15 22:47:58,799:INFO:Total runtime is 4.8619384765625 minutes
2020-09-15 22:47:58,855:INFO:Fitting Model
2020-09-15 22:47:59,182:INFO:Evaluating Metrics
2020-09-15 22:47:59,255:INFO:Compiling Metrics
2020-09-15 22:47:59,308:INFO:Initializing Fold 7
2020-09-15 22:47:59,308:INFO:Total runtime is 4.870420066515605 minutes
2020-09-15 22:47:59,367:INFO:Fitting Model
2020-09-15 22:47:59,800:INFO:Evaluating Metrics
2020-09-15 22:47:59,895:INFO:Compiling Metrics
2020-09-15 22:47:59,954:INFO:Initializing Fold 8
2020-09-15 22:47:59,954:INFO:Total runtime is 4.88118325471878 minutes
2020-09-15 22:48:00,009:INFO:Fitting Model
2020-09-15 22:48:00,336:INFO:Evaluating Metrics
2020-09-15 22:48:00,420:INFO:Compiling Metrics
2020-09-15 22:48:00,459:INFO:Initializing Fold 9
2020-09-15 22:48:00,459:INFO:Total runtime is 4.889598707358042 minutes
2020-09-15 22:48:00,509:INFO:Fitting Model
2020-09-15 22:48:00,836:INFO:Evaluating Metrics
2020-09-15 22:48:00,908:INFO:Compiling Metrics
2020-09-15 22:48:00,952:INFO:Initializing Fold 10
2020-09-15 22:48:00,953:INFO:Total runtime is 4.897824029127756 minutes
2020-09-15 22:48:01,011:INFO:Fitting Model
2020-09-15 22:48:01,460:INFO:Evaluating Metrics
2020-09-15 22:48:01,563:INFO:Compiling Metrics
2020-09-15 22:48:01,620:INFO:Calculating mean and std
2020-09-15 22:48:01,621:INFO:Creating metrics dataframe
2020-09-15 22:48:01,640:INFO:Initializing Ada Boost Classifier
2020-09-15 22:48:01,668:INFO:Initializing Fold 1
2020-09-15 22:48:01,669:INFO:Total runtime is 4.909769360224406 minutes
2020-09-15 22:48:01,724:INFO:Fitting Model
2020-09-15 22:48:42,977:INFO:Evaluating Metrics
2020-09-15 22:48:43,453:INFO:Compiling Metrics
2020-09-15 22:48:43,485:INFO:Initializing Fold 2
2020-09-15 22:48:43,485:INFO:Total runtime is 5.606698314348856 minutes
2020-09-15 22:48:43,525:INFO:Fitting Model
2020-09-15 22:49:25,116:INFO:Evaluating Metrics
2020-09-15 22:49:25,562:INFO:Compiling Metrics
2020-09-15 22:49:25,596:INFO:Initializing Fold 3
2020-09-15 22:49:25,596:INFO:Total runtime is 6.308554172515868 minutes
2020-09-15 22:49:25,636:INFO:Fitting Model
2020-09-15 22:50:07,365:INFO:Evaluating Metrics
2020-09-15 22:50:07,756:INFO:Compiling Metrics
2020-09-15 22:50:07,790:INFO:Initializing Fold 4
2020-09-15 22:50:07,790:INFO:Total runtime is 7.011782272656758 minutes
2020-09-15 22:50:07,829:INFO:Fitting Model
2020-09-15 22:50:49,385:INFO:Evaluating Metrics
2020-09-15 22:50:49,756:INFO:Compiling Metrics
2020-09-15 22:50:49,785:INFO:Initializing Fold 5
2020-09-15 22:50:49,786:INFO:Total runtime is 7.711713123321532 minutes
2020-09-15 22:50:49,826:INFO:Fitting Model
2020-09-15 22:51:31,779:INFO:Evaluating Metrics
2020-09-15 22:51:32,153:INFO:Compiling Metrics
2020-09-15 22:51:32,188:INFO:Initializing Fold 6
2020-09-15 22:51:32,188:INFO:Total runtime is 8.418423076470692 minutes
2020-09-15 22:51:32,230:INFO:Fitting Model
2020-09-15 22:52:14,115:INFO:Evaluating Metrics
2020-09-15 22:52:14,536:INFO:Compiling Metrics
2020-09-15 22:52:14,567:INFO:Initializing Fold 7
2020-09-15 22:52:14,567:INFO:Total runtime is 9.124734048048653 minutes
2020-09-15 22:52:14,626:INFO:Fitting Model
2020-09-15 22:52:56,171:INFO:Evaluating Metrics
2020-09-15 22:52:56,638:INFO:Compiling Metrics
2020-09-15 22:52:56,670:INFO:Initializing Fold 8
2020-09-15 22:52:56,671:INFO:Total runtime is 9.82646591265996 minutes
2020-09-15 22:52:56,723:INFO:Fitting Model
2020-09-15 22:53:38,373:INFO:Evaluating Metrics
2020-09-15 22:53:38,813:INFO:Compiling Metrics
2020-09-15 22:53:38,843:INFO:Initializing Fold 9
2020-09-15 22:53:38,843:INFO:Total runtime is 10.529338995615639 minutes
2020-09-15 22:53:38,882:INFO:Fitting Model
2020-09-15 22:54:20,416:INFO:Evaluating Metrics
2020-09-15 22:54:20,805:INFO:Compiling Metrics
2020-09-15 22:54:20,841:INFO:Initializing Fold 10
2020-09-15 22:54:20,841:INFO:Total runtime is 11.229301373163857 minutes
2020-09-15 22:54:20,881:INFO:Fitting Model
2020-09-15 22:55:02,839:INFO:Evaluating Metrics
2020-09-15 22:55:03,210:INFO:Compiling Metrics
2020-09-15 22:55:03,240:INFO:Calculating mean and std
2020-09-15 22:55:03,241:INFO:Creating metrics dataframe
2020-09-15 22:55:03,254:INFO:Initializing Gradient Boosting Classifier
2020-09-15 22:55:03,277:INFO:Initializing Fold 1
2020-09-15 22:55:03,277:INFO:Total runtime is 11.936571892102558 minutes
2020-09-15 22:55:03,322:INFO:Fitting Model
2020-09-15 22:58:25,229:INFO:Evaluating Metrics
2020-09-15 22:58:25,285:INFO:Compiling Metrics
2020-09-15 22:58:25,314:INFO:Initializing Fold 2
2020-09-15 22:58:25,315:INFO:Total runtime is 15.303857477506 minutes
2020-09-15 22:58:25,354:INFO:Fitting Model
2020-09-15 23:01:45,279:INFO:Evaluating Metrics
2020-09-15 23:01:45,344:INFO:Compiling Metrics
2020-09-15 23:01:45,381:INFO:Initializing Fold 3
2020-09-15 23:01:45,382:INFO:Total runtime is 18.63830830256144 minutes
2020-09-15 23:01:45,430:INFO:Fitting Model
2020-09-15 23:05:02,547:INFO:Evaluating Metrics
2020-09-15 23:05:02,603:INFO:Compiling Metrics
2020-09-15 23:05:02,631:INFO:Initializing Fold 4
2020-09-15 23:05:02,632:INFO:Total runtime is 21.92580937544505 minutes
2020-09-15 23:05:02,671:INFO:Fitting Model
2020-09-15 23:08:20,754:INFO:Evaluating Metrics
2020-09-15 23:08:20,808:INFO:Compiling Metrics
2020-09-15 23:08:20,836:INFO:Initializing Fold 5
2020-09-15 23:08:20,836:INFO:Total runtime is 25.229217871030173 minutes
2020-09-15 23:08:20,875:INFO:Fitting Model
2020-09-15 23:11:38,427:INFO:Evaluating Metrics
2020-09-15 23:11:38,484:INFO:Compiling Metrics
2020-09-15 23:11:38,512:INFO:Initializing Fold 6
2020-09-15 23:11:38,513:INFO:Total runtime is 28.523823742071787 minutes
2020-09-15 23:11:38,552:INFO:Fitting Model
2020-09-15 23:14:55,859:INFO:Evaluating Metrics
2020-09-15 23:14:55,919:INFO:Compiling Metrics
2020-09-15 23:14:55,949:INFO:Initializing Fold 7
2020-09-15 23:14:55,949:INFO:Total runtime is 31.81443583170573 minutes
2020-09-15 23:14:56,007:INFO:Fitting Model
2020-09-15 23:18:14,198:INFO:Evaluating Metrics
2020-09-15 23:18:14,258:INFO:Compiling Metrics
2020-09-15 23:18:14,288:INFO:Initializing Fold 8
2020-09-15 23:18:14,288:INFO:Total runtime is 35.12008438110352 minutes
2020-09-15 23:18:14,336:INFO:Fitting Model
2020-09-15 23:21:31,425:INFO:Evaluating Metrics
2020-09-15 23:21:31,481:INFO:Compiling Metrics
2020-09-15 23:21:31,512:INFO:Initializing Fold 9
2020-09-15 23:21:31,512:INFO:Total runtime is 38.40714852015178 minutes
2020-09-15 23:21:31,553:INFO:Fitting Model
2020-09-15 23:24:48,785:INFO:Evaluating Metrics
2020-09-15 23:24:48,840:INFO:Compiling Metrics
2020-09-15 23:24:48,867:INFO:Initializing Fold 10
2020-09-15 23:24:48,868:INFO:Total runtime is 41.696410695711776 minutes
2020-09-15 23:24:48,906:INFO:Fitting Model
2020-09-15 23:28:06,819:INFO:Evaluating Metrics
2020-09-15 23:28:06,874:INFO:Compiling Metrics
2020-09-15 23:28:06,903:INFO:Calculating mean and std
2020-09-15 23:28:06,903:INFO:Creating metrics dataframe
2020-09-15 23:28:06,915:INFO:Initializing Linear Discriminant Analysis
2020-09-15 23:28:06,933:INFO:Initializing Fold 1
2020-09-15 23:28:06,934:INFO:Total runtime is 44.99752099116644 minutes
2020-09-15 23:28:06,977:INFO:Fitting Model
2020-09-15 23:28:07,818:INFO:Evaluating Metrics
2020-09-15 23:28:07,863:INFO:Compiling Metrics
2020-09-15 23:28:07,917:INFO:Initializing Fold 2
2020-09-15 23:28:07,918:INFO:Total runtime is 45.01391379038493 minutes
2020-09-15 23:28:07,978:INFO:Fitting Model
2020-09-15 23:28:08,775:INFO:Evaluating Metrics
2020-09-15 23:28:08,807:INFO:Compiling Metrics
2020-09-15 23:28:08,836:INFO:Initializing Fold 3
2020-09-15 23:28:08,837:INFO:Total runtime is 45.029223644733435 minutes
2020-09-15 23:28:08,885:INFO:Fitting Model
2020-09-15 23:28:09,775:INFO:Evaluating Metrics
2020-09-15 23:28:09,811:INFO:Compiling Metrics
2020-09-15 23:28:09,842:INFO:Initializing Fold 4
2020-09-15 23:28:09,843:INFO:Total runtime is 45.04599668184917 minutes
2020-09-15 23:28:09,894:INFO:Fitting Model
2020-09-15 23:28:10,689:INFO:Evaluating Metrics
2020-09-15 23:28:10,731:INFO:Compiling Metrics
2020-09-15 23:28:10,776:INFO:Initializing Fold 5
2020-09-15 23:28:10,776:INFO:Total runtime is 45.061554547150934 minutes
2020-09-15 23:28:10,840:INFO:Fitting Model
2020-09-15 23:28:11,672:INFO:Evaluating Metrics
2020-09-15 23:28:11,716:INFO:Compiling Metrics
2020-09-15 23:28:11,766:INFO:Initializing Fold 6
2020-09-15 23:28:11,766:INFO:Total runtime is 45.0780547897021 minutes
2020-09-15 23:28:11,819:INFO:Fitting Model
2020-09-15 23:28:12,728:INFO:Evaluating Metrics
2020-09-15 23:28:12,768:INFO:Compiling Metrics
2020-09-15 23:28:12,799:INFO:Initializing Fold 7
2020-09-15 23:28:12,800:INFO:Total runtime is 45.095282498995466 minutes
2020-09-15 23:28:12,850:INFO:Fitting Model
2020-09-15 23:28:13,641:INFO:Evaluating Metrics
2020-09-15 23:28:13,681:INFO:Compiling Metrics
2020-09-15 23:28:13,711:INFO:Initializing Fold 8
2020-09-15 23:28:13,712:INFO:Total runtime is 45.11048489014308 minutes
2020-09-15 23:28:13,763:INFO:Fitting Model
2020-09-15 23:28:14,577:INFO:Evaluating Metrics
2020-09-15 23:28:14,618:INFO:Compiling Metrics
2020-09-15 23:28:14,666:INFO:Initializing Fold 9
2020-09-15 23:28:14,667:INFO:Total runtime is 45.1263982017835 minutes
2020-09-15 23:28:14,717:INFO:Fitting Model
2020-09-15 23:28:15,618:INFO:Evaluating Metrics
2020-09-15 23:28:15,661:INFO:Compiling Metrics
2020-09-15 23:28:15,701:INFO:Initializing Fold 10
2020-09-15 23:28:15,702:INFO:Total runtime is 45.14364245732626 minutes
2020-09-15 23:28:15,761:INFO:Fitting Model
2020-09-15 23:28:16,558:INFO:Evaluating Metrics
2020-09-15 23:28:16,599:INFO:Compiling Metrics
2020-09-15 23:28:16,642:INFO:Calculating mean and std
2020-09-15 23:28:16,643:INFO:Creating metrics dataframe
2020-09-15 23:28:16,662:INFO:Initializing Extra Trees Classifier
2020-09-15 23:28:16,690:INFO:Initializing Fold 1
2020-09-15 23:28:16,691:INFO:Total runtime is 45.16013443867366 minutes
2020-09-15 23:28:16,743:INFO:Fitting Model
2020-09-15 23:28:22,261:INFO:Evaluating Metrics
2020-09-15 23:28:22,390:INFO:Compiling Metrics
2020-09-15 23:28:22,419:INFO:Initializing Fold 2
2020-09-15 23:28:22,420:INFO:Total runtime is 45.255614495277406 minutes
2020-09-15 23:28:22,465:INFO:Fitting Model
2020-09-15 23:28:27,761:INFO:Evaluating Metrics
2020-09-15 23:28:27,881:INFO:Compiling Metrics
2020-09-15 23:28:27,911:INFO:Initializing Fold 3
2020-09-15 23:28:27,911:INFO:Total runtime is 45.34713453451793 minutes
2020-09-15 23:28:27,953:INFO:Fitting Model
2020-09-15 23:28:33,360:INFO:Evaluating Metrics
2020-09-15 23:28:33,491:INFO:Compiling Metrics
2020-09-15 23:28:33,523:INFO:Initializing Fold 4
2020-09-15 23:28:33,524:INFO:Total runtime is 45.44068832397461 minutes
2020-09-15 23:28:33,580:INFO:Fitting Model
2020-09-15 23:28:38,979:INFO:Evaluating Metrics
2020-09-15 23:28:39,113:INFO:Compiling Metrics
2020-09-15 23:28:39,142:INFO:Initializing Fold 5
2020-09-15 23:28:39,143:INFO:Total runtime is 45.534333018461865 minutes
2020-09-15 23:28:39,189:INFO:Fitting Model
2020-09-15 23:28:44,438:INFO:Evaluating Metrics
2020-09-15 23:28:44,563:INFO:Compiling Metrics
2020-09-15 23:28:44,591:INFO:Initializing Fold 6
2020-09-15 23:28:44,592:INFO:Total runtime is 45.625145006179814 minutes
2020-09-15 23:28:44,638:INFO:Fitting Model
2020-09-15 23:28:49,999:INFO:Evaluating Metrics
2020-09-15 23:28:50,127:INFO:Compiling Metrics
2020-09-15 23:28:50,158:INFO:Initializing Fold 7
2020-09-15 23:28:50,158:INFO:Total runtime is 45.717921706040705 minutes
2020-09-15 23:28:50,217:INFO:Fitting Model
2020-09-15 23:28:55,581:INFO:Evaluating Metrics
2020-09-15 23:28:55,723:INFO:Compiling Metrics
2020-09-15 23:28:55,759:INFO:Initializing Fold 8
2020-09-15 23:28:55,759:INFO:Total runtime is 45.8112688223521 minutes
2020-09-15 23:28:55,799:INFO:Fitting Model
2020-09-15 23:29:00,907:INFO:Evaluating Metrics
2020-09-15 23:29:01,043:INFO:Compiling Metrics
2020-09-15 23:29:01,072:INFO:Initializing Fold 9
2020-09-15 23:29:01,072:INFO:Total runtime is 45.89982128143311 minutes
2020-09-15 23:29:01,116:INFO:Fitting Model
2020-09-15 23:29:06,437:INFO:Evaluating Metrics
2020-09-15 23:29:06,583:INFO:Compiling Metrics
2020-09-15 23:29:06,621:INFO:Initializing Fold 10
2020-09-15 23:29:06,622:INFO:Total runtime is 45.99230868816377 minutes
2020-09-15 23:29:06,677:INFO:Fitting Model
2020-09-15 23:29:11,962:INFO:Evaluating Metrics
2020-09-15 23:29:12,092:INFO:Compiling Metrics
2020-09-15 23:29:12,122:INFO:Calculating mean and std
2020-09-15 23:29:12,123:INFO:Creating metrics dataframe
2020-09-15 23:29:12,134:INFO:Initializing Extreme Gradient Boosting
2020-09-15 23:29:12,156:INFO:Initializing Fold 1
2020-09-15 23:29:12,157:INFO:Total runtime is 46.08456454674404 minutes
2020-09-15 23:29:12,208:INFO:Fitting Model
2020-09-15 23:29:25,846:INFO:Evaluating Metrics
2020-09-15 23:29:25,960:INFO:Compiling Metrics
2020-09-15 23:29:26,031:INFO:Initializing Fold 2
2020-09-15 23:29:26,032:INFO:Total runtime is 46.31580769618353 minutes
2020-09-15 23:29:26,075:INFO:Fitting Model
2020-09-15 23:29:39,664:INFO:Evaluating Metrics
2020-09-15 23:29:39,816:INFO:Compiling Metrics
2020-09-15 23:29:39,897:INFO:Initializing Fold 3
2020-09-15 23:29:39,899:INFO:Total runtime is 46.54692670504253 minutes
2020-09-15 23:29:39,947:INFO:Fitting Model
2020-09-15 23:29:53,537:INFO:Evaluating Metrics
2020-09-15 23:29:53,681:INFO:Compiling Metrics
2020-09-15 23:29:53,768:INFO:Initializing Fold 4
2020-09-15 23:29:53,769:INFO:Total runtime is 46.77810381650926 minutes
2020-09-15 23:29:53,825:INFO:Fitting Model
2020-09-15 23:30:07,203:INFO:Evaluating Metrics
2020-09-15 23:30:07,356:INFO:Compiling Metrics
2020-09-15 23:30:07,417:INFO:Initializing Fold 5
2020-09-15 23:30:07,417:INFO:Total runtime is 47.00556919972103 minutes
2020-09-15 23:30:07,457:INFO:Fitting Model
2020-09-15 23:30:20,651:INFO:Evaluating Metrics
2020-09-15 23:30:20,801:INFO:Compiling Metrics
2020-09-15 23:30:20,867:INFO:Initializing Fold 6
2020-09-15 23:30:20,868:INFO:Total runtime is 47.229744454224914 minutes
2020-09-15 23:30:20,917:INFO:Fitting Model
2020-09-15 23:30:34,388:INFO:Evaluating Metrics
2020-09-15 23:30:34,526:INFO:Compiling Metrics
2020-09-15 23:30:34,590:INFO:Initializing Fold 7
2020-09-15 23:30:34,590:INFO:Total runtime is 47.458449832598376 minutes
2020-09-15 23:30:34,630:INFO:Fitting Model
2020-09-15 23:30:48,330:INFO:Evaluating Metrics
2020-09-15 23:30:48,470:INFO:Compiling Metrics
2020-09-15 23:30:48,538:INFO:Initializing Fold 8
2020-09-15 23:30:48,539:INFO:Total runtime is 47.69092480341594 minutes
2020-09-15 23:30:48,581:INFO:Fitting Model
2020-09-15 23:31:01,646:INFO:Evaluating Metrics
2020-09-15 23:31:01,785:INFO:Compiling Metrics
2020-09-15 23:31:01,851:INFO:Initializing Fold 9
2020-09-15 23:31:01,852:INFO:Total runtime is 47.912810210386915 minutes
2020-09-15 23:31:01,906:INFO:Fitting Model
2020-09-15 23:31:15,693:INFO:Evaluating Metrics
2020-09-15 23:31:15,832:INFO:Compiling Metrics
2020-09-15 23:31:15,896:INFO:Initializing Fold 10
2020-09-15 23:31:15,897:INFO:Total runtime is 48.14690543810527 minutes
2020-09-15 23:31:15,936:INFO:Fitting Model
2020-09-15 23:31:29,759:INFO:Evaluating Metrics
2020-09-15 23:31:29,898:INFO:Compiling Metrics
2020-09-15 23:31:29,959:INFO:Calculating mean and std
2020-09-15 23:31:29,959:INFO:Creating metrics dataframe
2020-09-15 23:31:29,971:INFO:Initializing Light Gradient Boosting Machine
2020-09-15 23:31:29,991:INFO:Initializing Fold 1
2020-09-15 23:31:29,992:INFO:Total runtime is 48.3818108201027 minutes
2020-09-15 23:31:30,033:INFO:Fitting Model
2020-09-15 23:31:31,278:INFO:Evaluating Metrics
2020-09-15 23:31:31,406:INFO:Compiling Metrics
2020-09-15 23:31:31,461:INFO:Initializing Fold 2
2020-09-15 23:31:31,462:INFO:Total runtime is 48.40631319681804 minutes
2020-09-15 23:31:31,501:INFO:Fitting Model
2020-09-15 23:31:32,966:INFO:Evaluating Metrics
2020-09-15 23:31:33,103:INFO:Compiling Metrics
2020-09-15 23:31:33,154:INFO:Initializing Fold 3
2020-09-15 23:31:33,155:INFO:Total runtime is 48.4345272978147 minutes
2020-09-15 23:31:33,195:INFO:Fitting Model
2020-09-15 23:31:34,602:INFO:Evaluating Metrics
2020-09-15 23:31:34,733:INFO:Compiling Metrics
2020-09-15 23:31:34,791:INFO:Initializing Fold 4
2020-09-15 23:31:34,791:INFO:Total runtime is 48.46179900964102 minutes
2020-09-15 23:31:34,830:INFO:Fitting Model
2020-09-15 23:31:36,241:INFO:Evaluating Metrics
2020-09-15 23:31:36,371:INFO:Compiling Metrics
2020-09-15 23:31:36,431:INFO:Initializing Fold 5
2020-09-15 23:31:36,431:INFO:Total runtime is 48.489136846860255 minutes
2020-09-15 23:31:36,469:INFO:Fitting Model
2020-09-15 23:31:37,825:INFO:Evaluating Metrics
2020-09-15 23:31:37,950:INFO:Compiling Metrics
2020-09-15 23:31:38,009:INFO:Initializing Fold 6
2020-09-15 23:31:38,009:INFO:Total runtime is 48.51543309688569 minutes
2020-09-15 23:31:38,051:INFO:Fitting Model
2020-09-15 23:31:39,431:INFO:Evaluating Metrics
2020-09-15 23:31:39,565:INFO:Compiling Metrics
2020-09-15 23:31:39,621:INFO:Initializing Fold 7
2020-09-15 23:31:39,622:INFO:Total runtime is 48.542307996749884 minutes
2020-09-15 23:31:39,662:INFO:Fitting Model
2020-09-15 23:31:41,033:INFO:Evaluating Metrics
2020-09-15 23:31:41,167:INFO:Compiling Metrics
2020-09-15 23:31:41,228:INFO:Initializing Fold 8
2020-09-15 23:31:41,228:INFO:Total runtime is 48.56908370256424 minutes
2020-09-15 23:31:41,266:INFO:Fitting Model
2020-09-15 23:31:42,651:INFO:Evaluating Metrics
2020-09-15 23:31:42,790:INFO:Compiling Metrics
2020-09-15 23:31:42,843:INFO:Initializing Fold 9
2020-09-15 23:31:42,843:INFO:Total runtime is 48.59599994421006 minutes
2020-09-15 23:31:42,884:INFO:Fitting Model
2020-09-15 23:31:44,445:INFO:Evaluating Metrics
2020-09-15 23:31:44,564:INFO:Compiling Metrics
2020-09-15 23:31:44,631:INFO:Initializing Fold 10
2020-09-15 23:31:44,632:INFO:Total runtime is 48.625809522469844 minutes
2020-09-15 23:31:44,674:INFO:Fitting Model
2020-09-15 23:31:45,997:INFO:Evaluating Metrics
2020-09-15 23:31:46,136:INFO:Compiling Metrics
2020-09-15 23:31:46,187:INFO:Calculating mean and std
2020-09-15 23:31:46,187:INFO:Creating metrics dataframe
2020-09-15 23:31:46,201:INFO:Initializing CatBoost Classifier
2020-09-15 23:31:46,223:INFO:Initializing Fold 1
2020-09-15 23:31:46,223:INFO:Total runtime is 48.652337237199156 minutes
2020-09-15 23:31:46,273:INFO:Fitting Model
2020-09-15 23:32:19,980:INFO:Evaluating Metrics
2020-09-15 23:32:20,027:INFO:Compiling Metrics
2020-09-15 23:32:20,097:INFO:Initializing Fold 2
2020-09-15 23:32:20,098:INFO:Total runtime is 49.216922787825276 minutes
2020-09-15 23:32:20,157:INFO:Fitting Model
2020-09-15 23:32:52,373:INFO:Evaluating Metrics
2020-09-15 23:32:52,432:INFO:Compiling Metrics
2020-09-15 23:32:52,503:INFO:Initializing Fold 3
2020-09-15 23:32:52,503:INFO:Total runtime is 49.75700014034908 minutes
2020-09-15 23:32:52,555:INFO:Fitting Model
2020-09-15 23:33:25,609:INFO:Evaluating Metrics
2020-09-15 23:33:25,650:INFO:Compiling Metrics
2020-09-15 23:33:25,722:INFO:Initializing Fold 4
2020-09-15 23:33:25,723:INFO:Total runtime is 50.310659607251495 minutes
2020-09-15 23:33:25,766:INFO:Fitting Model
2020-09-15 23:33:59,913:INFO:Evaluating Metrics
2020-09-15 23:33:59,958:INFO:Compiling Metrics
2020-09-15 23:34:00,021:INFO:Initializing Fold 5
2020-09-15 23:34:00,022:INFO:Total runtime is 50.88230732679368 minutes
2020-09-15 23:34:00,068:INFO:Fitting Model
2020-09-15 23:34:33,471:INFO:Evaluating Metrics
2020-09-15 23:34:33,521:INFO:Compiling Metrics
2020-09-15 23:34:33,596:INFO:Initializing Fold 6
2020-09-15 23:34:33,596:INFO:Total runtime is 51.441885717709866 minutes
2020-09-15 23:34:33,636:INFO:Fitting Model
2020-09-15 23:35:06,950:INFO:Evaluating Metrics
2020-09-15 23:35:06,995:INFO:Compiling Metrics
2020-09-15 23:35:07,058:INFO:Initializing Fold 7
2020-09-15 23:35:07,058:INFO:Total runtime is 51.99958759148916 minutes
2020-09-15 23:35:07,103:INFO:Fitting Model
2020-09-15 23:35:38,692:INFO:Evaluating Metrics
2020-09-15 23:35:38,740:INFO:Compiling Metrics
2020-09-15 23:35:38,809:INFO:Initializing Fold 8
2020-09-15 23:35:38,810:INFO:Total runtime is 52.52877774635951 minutes
2020-09-15 23:35:38,855:INFO:Fitting Model
2020-09-15 23:36:15,154:INFO:Evaluating Metrics
2020-09-15 23:36:15,204:INFO:Compiling Metrics
2020-09-15 23:36:15,269:INFO:Initializing Fold 9
2020-09-15 23:36:15,270:INFO:Total runtime is 53.13644333680471 minutes
2020-09-15 23:36:15,312:INFO:Fitting Model
2020-09-15 23:36:50,666:INFO:Evaluating Metrics
2020-09-15 23:36:50,708:INFO:Compiling Metrics
2020-09-15 23:36:50,772:INFO:Initializing Fold 10
2020-09-15 23:36:50,773:INFO:Total runtime is 53.728170744578044 minutes
2020-09-15 23:36:50,824:INFO:Fitting Model
2020-09-15 23:37:24,527:INFO:Evaluating Metrics
2020-09-15 23:37:24,571:INFO:Compiling Metrics
2020-09-15 23:37:24,642:INFO:Calculating mean and std
2020-09-15 23:37:24,642:INFO:Creating metrics dataframe
2020-09-15 23:37:24,666:INFO:Finalizing top_n models
2020-09-15 23:37:24,666:INFO:SubProcess create_model() called ==================================
2020-09-15 23:37:24,671:INFO:Initializing create_model()
2020-09-15 23:37:24,671:INFO:create_model(estimator=xgboost, ensemble=False, method=None, fold=10, round=4, cross_validation=True, verbose=False, system=False)
2020-09-15 23:37:24,671:INFO:Checking exceptions
2020-09-15 23:37:24,671:INFO:Preloading libraries
2020-09-15 23:37:24,671:INFO:Preparing display monitor
2020-09-15 23:37:24,681:INFO:Copying training dataset
2020-09-15 23:37:24,706:INFO:Importing libraries
2020-09-15 23:37:24,707:INFO:Defining folds
2020-09-15 23:37:24,707:INFO:Declaring metric variables
2020-09-15 23:37:24,707:INFO:Importing untrained model
2020-09-15 23:37:24,707:INFO:Extreme Gradient Boosting Imported succesfully
2020-09-15 23:37:24,708:INFO:Checking ensemble method
2020-09-15 23:37:24,729:INFO:Initializing Fold 1
2020-09-15 23:37:24,764:INFO:Fitting Model
2020-09-15 23:37:38,239:INFO:Evaluating Metrics
2020-09-15 23:37:38,385:INFO:Compiling Metrics
2020-09-15 23:37:38,444:INFO:Initializing Fold 2
2020-09-15 23:37:38,478:INFO:Fitting Model
2020-09-15 23:37:52,408:INFO:Evaluating Metrics
2020-09-15 23:37:52,567:INFO:Compiling Metrics
2020-09-15 23:37:52,630:INFO:Initializing Fold 3
2020-09-15 23:37:52,665:INFO:Fitting Model
2020-09-15 23:38:06,607:INFO:Evaluating Metrics
2020-09-15 23:38:06,759:INFO:Compiling Metrics
2020-09-15 23:38:06,820:INFO:Initializing Fold 4
2020-09-15 23:38:06,856:INFO:Fitting Model
2020-09-15 23:38:20,342:INFO:Evaluating Metrics
2020-09-15 23:38:20,491:INFO:Compiling Metrics
2020-09-15 23:38:20,553:INFO:Initializing Fold 5
2020-09-15 23:38:20,595:INFO:Fitting Model
2020-09-15 23:38:34,295:INFO:Evaluating Metrics
2020-09-15 23:38:34,438:INFO:Compiling Metrics
2020-09-15 23:38:34,496:INFO:Initializing Fold 6
2020-09-15 23:38:34,531:INFO:Fitting Model
2020-09-15 23:38:48,133:INFO:Evaluating Metrics
2020-09-15 23:38:48,282:INFO:Compiling Metrics
2020-09-15 23:38:48,339:INFO:Initializing Fold 7
2020-09-15 23:38:48,372:INFO:Fitting Model
2020-09-15 23:39:01,894:INFO:Evaluating Metrics
2020-09-15 23:39:02,055:INFO:Compiling Metrics
2020-09-15 23:39:02,116:INFO:Initializing Fold 8
2020-09-15 23:39:02,151:INFO:Fitting Model
2020-09-15 23:39:15,298:INFO:Evaluating Metrics
2020-09-15 23:39:15,443:INFO:Compiling Metrics
2020-09-15 23:39:15,506:INFO:Initializing Fold 9
2020-09-15 23:39:15,540:INFO:Fitting Model
2020-09-15 23:39:29,221:INFO:Evaluating Metrics
2020-09-15 23:39:29,371:INFO:Compiling Metrics
2020-09-15 23:39:29,430:INFO:Initializing Fold 10
2020-09-15 23:39:29,464:INFO:Fitting Model
2020-09-15 23:39:43,464:INFO:Evaluating Metrics
2020-09-15 23:39:43,602:INFO:Compiling Metrics
2020-09-15 23:39:43,664:INFO:Calculating mean and std
2020-09-15 23:39:43,665:INFO:Creating metrics dataframe
2020-09-15 23:39:43,669:INFO:Finalizing model
2020-09-15 23:39:59,065:INFO:Uploading results into container
2020-09-15 23:39:59,065:INFO:Uploading model into container now
2020-09-15 23:39:59,065:INFO:create_model_container: 1
2020-09-15 23:39:59,065:INFO:master_model_container: 1
2020-09-15 23:39:59,065:INFO:display_container: 1
2020-09-15 23:39:59,071:INFO:XGBClassifier(base_score=0.5, booster='gbtree', colsample_bylevel=1,
              colsample_bynode=1, colsample_bytree=1, gamma=0, gpu_id=-1,
              importance_type='gain', interaction_constraints='',
              learning_rate=0.300000012, max_delta_step=0, max_depth=6,
              min_child_weight=1, missing=nan, monotone_constraints='()',
              n_estimators=100, n_jobs=-1, num_parallel_tree=1,
              objective='binary:logistic', random_state=5768, reg_alpha=0,
              reg_lambda=1, scale_pos_weight=1, subsample=1,
              tree_method='exact', validate_parameters=1, verbosity=0)
2020-09-15 23:39:59,072:INFO:create_model() succesfully completed......................................
2020-09-15 23:39:59,085:INFO:SubProcess create_model() end ==================================
2020-09-15 23:39:59,177:INFO:create_model_container: 1
2020-09-15 23:39:59,178:INFO:master_model_container: 1
2020-09-15 23:39:59,178:INFO:display_container: 2
2020-09-15 23:39:59,180:INFO:XGBClassifier(base_score=0.5, booster='gbtree', colsample_bylevel=1,
              colsample_bynode=1, colsample_bytree=1, gamma=0, gpu_id=-1,
              importance_type='gain', interaction_constraints='',
              learning_rate=0.300000012, max_delta_step=0, max_depth=6,
              min_child_weight=1, missing=nan, monotone_constraints='()',
              n_estimators=100, n_jobs=-1, num_parallel_tree=1,
              objective='binary:logistic', random_state=5768, reg_alpha=0,
              reg_lambda=1, scale_pos_weight=1, subsample=1,
              tree_method='exact', validate_parameters=1, verbosity=0)
2020-09-15 23:39:59,180:INFO:compare_models() succesfully completed......................................
2020-09-16 00:57:07,847:INFO:Initializing create_model()
2020-09-16 00:57:07,848:INFO:create_model(estimator=xgboost, ensemble=False, method=None, fold=10, round=4, cross_validation=True, verbose=True, system=True)
2020-09-16 00:57:07,848:INFO:Checking exceptions
2020-09-16 00:57:07,848:INFO:Preloading libraries
2020-09-16 00:57:07,848:INFO:Preparing display monitor
2020-09-16 00:57:07,863:INFO:Copying training dataset
2020-09-16 00:57:07,886:INFO:Importing libraries
2020-09-16 00:57:07,887:INFO:Defining folds
2020-09-16 00:57:07,887:INFO:Declaring metric variables
2020-09-16 00:57:07,890:INFO:Importing untrained model
2020-09-16 00:57:07,891:INFO:Extreme Gradient Boosting Imported succesfully
2020-09-16 00:57:07,891:INFO:Checking ensemble method
2020-09-16 00:57:07,912:INFO:Initializing Fold 1
2020-09-16 00:57:07,951:INFO:Fitting Model
2020-09-16 00:57:21,478:INFO:Evaluating Metrics
2020-09-16 00:57:21,620:INFO:Compiling Metrics
2020-09-16 00:57:21,693:INFO:Initializing Fold 2
2020-09-16 00:57:21,746:INFO:Fitting Model
2020-09-16 00:57:34,877:INFO:Evaluating Metrics
2020-09-16 00:57:35,016:INFO:Compiling Metrics
2020-09-16 00:57:35,091:INFO:Initializing Fold 3
2020-09-16 00:57:35,131:INFO:Fitting Model
2020-09-16 00:57:48,371:INFO:Evaluating Metrics
2020-09-16 00:57:48,519:INFO:Compiling Metrics
2020-09-16 00:57:48,595:INFO:Initializing Fold 4
2020-09-16 00:57:48,635:INFO:Fitting Model
2020-09-16 00:58:02,059:INFO:Evaluating Metrics
2020-09-16 00:58:02,197:INFO:Compiling Metrics
2020-09-16 00:58:02,286:INFO:Initializing Fold 5
2020-09-16 00:58:02,340:INFO:Fitting Model
2020-09-16 00:58:15,769:INFO:Evaluating Metrics
2020-09-16 00:58:15,910:INFO:Compiling Metrics
2020-09-16 00:58:15,986:INFO:Initializing Fold 6
2020-09-16 00:58:16,026:INFO:Fitting Model
2020-09-16 00:58:29,928:INFO:Evaluating Metrics
2020-09-16 00:58:30,071:INFO:Compiling Metrics
2020-09-16 00:58:30,142:INFO:Initializing Fold 7
2020-09-16 00:58:30,183:INFO:Fitting Model
2020-09-16 00:58:43,890:INFO:Evaluating Metrics
2020-09-16 00:58:44,039:INFO:Compiling Metrics
2020-09-16 00:58:44,118:INFO:Initializing Fold 8
2020-09-16 00:58:44,174:INFO:Fitting Model
2020-09-16 00:58:57,333:INFO:Evaluating Metrics
2020-09-16 00:58:57,481:INFO:Compiling Metrics
2020-09-16 00:58:57,551:INFO:Initializing Fold 9
2020-09-16 00:58:57,594:INFO:Fitting Model
2020-09-16 00:59:11,231:INFO:Evaluating Metrics
2020-09-16 00:59:11,369:INFO:Compiling Metrics
2020-09-16 00:59:11,443:INFO:Initializing Fold 10
2020-09-16 00:59:11,485:INFO:Fitting Model
2020-09-16 00:59:24,923:INFO:Evaluating Metrics
2020-09-16 00:59:25,081:INFO:Compiling Metrics
2020-09-16 00:59:25,164:INFO:Calculating mean and std
2020-09-16 00:59:25,165:INFO:Creating metrics dataframe
2020-09-16 00:59:25,174:INFO:Finalizing model
2020-09-16 00:59:40,635:INFO:Uploading results into container
2020-09-16 00:59:40,635:INFO:Uploading model into container now
2020-09-16 00:59:40,708:INFO:create_model_container: 2
2020-09-16 00:59:40,708:INFO:master_model_container: 2
2020-09-16 00:59:40,708:INFO:display_container: 3
2020-09-16 00:59:40,714:INFO:XGBClassifier(base_score=0.5, booster='gbtree', colsample_bylevel=1,
              colsample_bynode=1, colsample_bytree=1, gamma=0, gpu_id=-1,
              importance_type='gain', interaction_constraints='',
              learning_rate=0.300000012, max_delta_step=0, max_depth=6,
              min_child_weight=1, missing=nan, monotone_constraints='()',
              n_estimators=100, n_jobs=-1, num_parallel_tree=1,
              objective='binary:logistic', random_state=5768, reg_alpha=0,
              reg_lambda=1, scale_pos_weight=1, subsample=1,
              tree_method='exact', validate_parameters=1, verbosity=0)
2020-09-16 00:59:40,714:INFO:create_model() succesfully completed......................................
2020-09-16 01:08:15,991:INFO:Initializing tune_model()
2020-09-16 01:08:15,994:INFO:tune_model(estimator=XGBClassifier(base_score=0.5, booster='gbtree', colsample_bylevel=1,
              colsample_bynode=1, colsample_bytree=1, gamma=0, gpu_id=-1,
              importance_type='gain', interaction_constraints='',
              learning_rate=0.300000012, max_delta_step=0, max_depth=6,
              min_child_weight=1, missing=nan, monotone_constraints='()',
              n_estimators=100, n_jobs=-1, num_parallel_tree=1,
              objective='binary:logistic', random_state=5768, reg_alpha=0,
              reg_lambda=1, scale_pos_weight=1, subsample=1,
              tree_method='exact', validate_parameters=1, verbosity=0), fold=10, round=4, n_iter=10, custom_grid=None, optimize=Accuracy, choose_better=False, verbose=True)
2020-09-16 01:08:15,994:INFO:Checking exceptions
2020-09-16 01:08:16,004:INFO:Preloading libraries
2020-09-16 01:08:16,004:INFO:Preparing display monitor
2020-09-16 01:08:16,023:INFO:Copying training dataset
2020-09-16 01:08:16,054:INFO:Creating estimator clone to inherit model parameters
2020-09-16 01:08:16,057:INFO:Importing libraries
2020-09-16 01:08:16,057:INFO:Checking base model
2020-09-16 01:08:16,059:INFO:Base model : Extreme Gradient Boosting
2020-09-16 01:08:16,059:INFO:Defining folds
2020-09-16 01:08:16,060:INFO:Declaring metric variables
2020-09-16 01:08:16,064:INFO:Defining Hyperparameters
2020-09-16 01:08:16,064:INFO:Initializing RandomizedSearchCV
2020-09-16 01:14:59,125:INFO:Random search completed
2020-09-16 01:14:59,169:INFO:Initializing Fold 1
2020-09-16 01:14:59,231:INFO:Fitting Model
2020-09-16 01:15:13,716:INFO:Evaluating Metrics
2020-09-16 01:15:13,880:INFO:Compiling Metrics
2020-09-16 01:15:13,959:INFO:Initializing Fold 2
2020-09-16 01:15:14,015:INFO:Fitting Model
2020-09-16 01:15:28,283:INFO:Evaluating Metrics
2020-09-16 01:15:28,435:INFO:Compiling Metrics
2020-09-16 01:15:28,516:INFO:Initializing Fold 3
2020-09-16 01:15:28,559:INFO:Fitting Model
2020-09-16 01:15:43,311:INFO:Evaluating Metrics
2020-09-16 01:15:43,457:INFO:Compiling Metrics
2020-09-16 01:15:43,534:INFO:Initializing Fold 4
2020-09-16 01:15:43,582:INFO:Fitting Model
2020-09-16 01:15:58,260:INFO:Evaluating Metrics
2020-09-16 01:15:58,410:INFO:Compiling Metrics
2020-09-16 01:15:58,502:INFO:Initializing Fold 5
2020-09-16 01:15:58,550:INFO:Fitting Model
2020-09-16 01:16:12,816:INFO:Evaluating Metrics
2020-09-16 01:16:12,971:INFO:Compiling Metrics
2020-09-16 01:16:13,048:INFO:Initializing Fold 6
2020-09-16 01:16:13,087:INFO:Fitting Model
2020-09-16 01:16:27,421:INFO:Evaluating Metrics
2020-09-16 01:16:27,575:INFO:Compiling Metrics
2020-09-16 01:16:27,646:INFO:Initializing Fold 7
2020-09-16 01:16:27,690:INFO:Fitting Model
2020-09-16 01:16:41,876:INFO:Evaluating Metrics
2020-09-16 01:16:42,019:INFO:Compiling Metrics
2020-09-16 01:16:42,094:INFO:Initializing Fold 8
2020-09-16 01:16:42,135:INFO:Fitting Model
2020-09-16 01:16:56,115:INFO:Evaluating Metrics
2020-09-16 01:16:56,249:INFO:Compiling Metrics
2020-09-16 01:16:56,327:INFO:Initializing Fold 9
2020-09-16 01:16:56,367:INFO:Fitting Model
2020-09-16 01:17:10,808:INFO:Evaluating Metrics
2020-09-16 01:17:10,966:INFO:Compiling Metrics
2020-09-16 01:17:11,039:INFO:Initializing Fold 10
2020-09-16 01:17:11,089:INFO:Fitting Model
2020-09-16 01:17:25,369:INFO:Evaluating Metrics
2020-09-16 01:17:25,532:INFO:Compiling Metrics
2020-09-16 01:17:25,600:INFO:Calculating mean and std
2020-09-16 01:17:25,601:INFO:Creating metrics dataframe
2020-09-16 01:17:25,607:INFO:Finalizing model
2020-09-16 01:17:41,858:INFO:Uploading results into container
2020-09-16 01:17:41,858:INFO:Uploading model into container
2020-09-16 01:17:41,928:INFO:create_model_container: 3
2020-09-16 01:17:41,928:INFO:master_model_container: 3
2020-09-16 01:17:41,928:INFO:display_container: 4
2020-09-16 01:17:41,933:INFO:XGBClassifier(base_score=0.5, booster='gbtree', colsample_bylevel=1,
              colsample_bynode=1, colsample_bytree=0.5, gamma=0, gpu_id=-1,
              importance_type='gain', interaction_constraints='',
              learning_rate=0.51, max_delta_step=0, max_depth=70,
              min_child_weight=3, missing=nan, monotone_constraints='()',
              n_estimators=200, n_jobs=-1, num_parallel_tree=1,
              objective='binary:logistic', random_state=5768, reg_alpha=0,
              reg_lambda=1, scale_pos_weight=1, subsample=0.9,
              tree_method='exact', validate_parameters=1, verbosity=0)
2020-09-16 01:17:41,933:INFO:tune_model() succesfully completed......................................
